--------
Total Statistics
--------
Total Instructions: 96483404798
Total Cycles: 502138872480
IPC: 0.192145

--------
Two level Cache hierarchy
--------
  L1-Data Cache:
    Size(KB):          32
    Block Size(B):     32
    Associativity:      4

  L2-Data Cache:
    Size(KB):         512
    Block Size(B):    256
    Associativity:      8

Latencies:    1   15  250
L1-Sets:  256 - LRU - assoc:   4
L2-Sets:  256 - LRU - assoc:   8
Store_allocation: Yes
L2_inclusive: Yes

L1 Cache Stats:
L1-Load-Hits:       18239788829   89.88%
L1-Load-Misses:      2053371929   10.12%
L1-Load-Accesses:   20293160758  100.00%

L1-Store-Hits:        5349835957   45.97%
L1-Store-Misses:      6287121502   54.03%
L1-Store-Accesses:   11636957459  100.00%

L1-Total-Hits:       23589624786   73.88%
L1-Total-Misses:      8340493431   26.12%
L1-Total-Accesses:   31930118217  100.00%

L2 Cache Stats:
L2-Load-Hits:        1795861770   87.46%
L2-Load-Misses:       257510159   12.54%
L2-Load-Accesses:    2053371929  100.00%

L2-Store-Hits:        5550159869   88.28%
L2-Store-Misses:       736961633   11.72%
L2-Store-Accesses:    6287121502  100.00%

L2-Total-Hits:        7346021639   88.08%
L2-Total-Misses:       994471792   11.92%
L2-Total-Accesses:    8340493431  100.00%

