--------
Total Statistics
--------
Total Instructions: 96483404798
Total Cycles: 501979263520
IPC: 0.192206

--------
Two level Cache hierarchy
--------
  L1-Data Cache:
    Size(KB):          32
    Block Size(B):     32
    Associativity:      4

  L2-Data Cache:
    Size(KB):        1024
    Block Size(B):    256
    Associativity:     16

Latencies:    1   15  250
L1-Sets:  256 - LRU - assoc:   4
L2-Sets:  256 - LRU - assoc:  16
Store_allocation: Yes
L2_inclusive: Yes

L1 Cache Stats:
L1-Load-Hits:       18240571653   89.89%
L1-Load-Misses:      2052589105   10.11%
L1-Load-Accesses:   20293160758  100.00%

L1-Store-Hits:        5350393347   45.98%
L1-Store-Misses:      6286564112   54.02%
L1-Store-Accesses:   11636957459  100.00%

L1-Total-Hits:       23590965000   73.88%
L1-Total-Misses:      8339153217   26.12%
L1-Total-Accesses:   31930118217  100.00%

L2 Cache Stats:
L2-Load-Hits:        1795613322   87.48%
L2-Load-Misses:       256975783   12.52%
L2-Load-Accesses:    2052589105  100.00%

L2-Store-Hits:        5549626126   88.28%
L2-Store-Misses:       736937986   11.72%
L2-Store-Accesses:    6286564112  100.00%

L2-Total-Hits:        7345239448   88.08%
L2-Total-Misses:       993913769   11.92%
L2-Total-Accesses:    8339153217  100.00%

