--------
Total Statistics
--------
Total Instructions: 96483404798
Total Cycles: 502390354335
IPC: 0.192049

--------
Two level Cache hierarchy
--------
  L1-Data Cache:
    Size(KB):          32
    Block Size(B):     32
    Associativity:      4

  L2-Data Cache:
    Size(KB):         512
    Block Size(B):    256
    Associativity:      4

Latencies:    1   15  250
L1-Sets:  256 - LRU - assoc:   4
L2-Sets:  512 - LRU - assoc:   4
Store_allocation: Yes
L2_inclusive: Yes

L1 Cache Stats:
L1-Load-Hits:       18239532952   89.88%
L1-Load-Misses:      2053627806   10.12%
L1-Load-Accesses:   20293160758  100.00%

L1-Store-Hits:        5349097577   45.97%
L1-Store-Misses:      6287859882   54.03%
L1-Store-Accesses:   11636957459  100.00%

L1-Total-Hits:       23588630529   73.88%
L1-Total-Misses:      8341487688   26.12%
L1-Total-Accesses:   31930118217  100.00%

L2 Cache Stats:
L2-Load-Hits:        1795856928   87.45%
L2-Load-Misses:       257770878   12.55%
L2-Load-Accesses:    2053627806  100.00%

L2-Store-Hits:        5550212696   88.27%
L2-Store-Misses:       737647186   11.73%
L2-Store-Accesses:    6287859882  100.00%

L2-Total-Hits:        7346069624   88.07%
L2-Total-Misses:       995418064   11.93%
L2-Total-Accesses:    8341487688  100.00%

