--------
Total Statistics
--------
Total Instructions: 96483404798
Total Cycles: 750298484100
IPC: 0.128593

--------
Two level Cache hierarchy
--------
  L1-Data Cache:
    Size(KB):          32
    Block Size(B):     32
    Associativity:      4

  L2-Data Cache:
    Size(KB):        1024
    Block Size(B):    128
    Associativity:      8

Latencies:    1   15  250
L1-Sets:  256 - LRU - assoc:   4
L2-Sets: 1024 - LRU - assoc:   8
Store_allocation: Yes
L2_inclusive: Yes

L1 Cache Stats:
L1-Load-Hits:       18240577684   89.89%
L1-Load-Misses:      2052583074   10.11%
L1-Load-Accesses:   20293160758  100.00%

L1-Store-Hits:        5350311694   45.98%
L1-Store-Misses:      6286645765   54.02%
L1-Store-Accesses:   11636957459  100.00%

L1-Total-Hits:       23590889378   73.88%
L1-Total-Misses:      8339228839   26.12%
L1-Total-Accesses:   31930118217  100.00%

L2 Cache Stats:
L2-Load-Hits:        1539139476   74.99%
L2-Load-Misses:       513443598   25.01%
L2-Load-Accesses:    2052583074  100.00%

L2-Store-Hits:        4812903249   76.56%
L2-Store-Misses:      1473742516   23.44%
L2-Store-Accesses:    6286645765  100.00%

L2-Total-Hits:        6352042725   76.17%
L2-Total-Misses:      1987186114   23.83%
L2-Total-Accesses:    8339228839  100.00%

