--------
Total Statistics
--------
Total Instructions: 96483404798
Total Cycles: 750281400700
IPC: 0.128596

--------
Two level Cache hierarchy
--------
  L1-Data Cache:
    Size(KB):          32
    Block Size(B):     32
    Associativity:      4

  L2-Data Cache:
    Size(KB):        1024
    Block Size(B):    128
    Associativity:     16

Latencies:    1   15  250
L1-Sets:  256 - LRU - assoc:   4
L2-Sets:  512 - LRU - assoc:  16
Store_allocation: Yes
L2_inclusive: Yes

L1 Cache Stats:
L1-Load-Hits:       18240587404   89.89%
L1-Load-Misses:      2052573354   10.11%
L1-Load-Accesses:   20293160758  100.00%

L1-Store-Hits:        5350396634   45.98%
L1-Store-Misses:      6286560825   54.02%
L1-Store-Accesses:   11636957459  100.00%

L1-Total-Hits:       23590984038   73.88%
L1-Total-Misses:      8339134179   26.12%
L1-Total-Accesses:   31930118217  100.00%

L2 Cache Stats:
L2-Load-Hits:        1539142159   74.99%
L2-Load-Misses:       513431195   25.01%
L2-Load-Accesses:    2052573354  100.00%

L2-Store-Hits:        4812868560   76.56%
L2-Store-Misses:      1473692265   23.44%
L2-Store-Accesses:    6286560825  100.00%

L2-Total-Hits:        6352010719   76.17%
L2-Total-Misses:      1987123460   23.83%
L2-Total-Accesses:    8339134179  100.00%

