--------
Total Statistics
--------
Total Instructions: 96483404798
Total Cycles: 1246636798630
IPC: 0.077395

--------
Two level Cache hierarchy
--------
  L1-Data Cache:
    Size(KB):          32
    Block Size(B):     32
    Associativity:      4

  L2-Data Cache:
    Size(KB):        2048
    Block Size(B):     64
    Associativity:     16

Latencies:    1   15  250
L1-Sets:  256 - LRU - assoc:   4
L2-Sets: 2048 - LRU - assoc:  16
Store_allocation: Yes
L2_inclusive: Yes

L1 Cache Stats:
L1-Load-Hits:       18240775576   89.89%
L1-Load-Misses:      2052385182   10.11%
L1-Load-Accesses:   20293160758  100.00%

L1-Store-Hits:        5350539250   45.98%
L1-Store-Misses:      6286418209   54.02%
L1-Store-Accesses:   11636957459  100.00%

L1-Total-Hits:       23591314826   73.88%
L1-Total-Misses:      8338803391   26.12%
L1-Total-Accesses:   31930118217  100.00%

L2 Cache Stats:
L2-Load-Hits:        1026834144   50.03%
L2-Load-Misses:      1025551038   49.97%
L2-Load-Accesses:    2052385182  100.00%

L2-Store-Hits:        3339404348   53.12%
L2-Store-Misses:      2947013861   46.88%
L2-Store-Accesses:    6286418209  100.00%

L2-Total-Hits:        4366238492   52.36%
L2-Total-Misses:      3972564899   47.64%
L2-Total-Accesses:    8338803391  100.00%

