--------
Total Statistics
--------
Total Instructions: 18199710897
Total Cycles: 843349858601
IPC: 0.0215803

--------
Two level Cache hierarchy
--------
  L1-Data Cache:
    Size(KB):          32
    Block Size(B):     32
    Associativity:      4

  L2-Data Cache:
    Size(KB):        1024
    Block Size(B):    256
    Associativity:     16

Latencies:    1   15  250
L1-Sets:  256 - SRRIP - assoc:   4
L2-Sets:  256 - SRRIP - assoc:  16
Store_allocation: Yes
L2_inclusive: Yes

L1 Cache Stats:
L1-Load-Hits:        1903655231   29.96%
L1-Load-Misses:      4449327511   70.04%
L1-Load-Accesses:    6352982742  100.00%

L1-Store-Hits:        1151146347   61.21%
L1-Store-Misses:       729651825   38.79%
L1-Store-Accesses:    1880798172  100.00%

L1-Total-Hits:        3054801578   37.10%
L1-Total-Misses:      5178979336   62.90%
L1-Total-Accesses:    8233780914  100.00%

L2 Cache Stats:
L2-Load-Hits:        1846976788   41.51%
L2-Load-Misses:      2602350723   58.49%
L2-Load-Accesses:    4449327511  100.00%

L2-Store-Hits:         375075841   51.40%
L2-Store-Misses:       354575984   48.60%
L2-Store-Accesses:     729651825  100.00%

L2-Total-Hits:        2222052629   42.91%
L2-Total-Misses:      2956926707   57.09%
L2-Total-Accesses:    5178979336  100.00%

