--------
Total Statistics
--------
Total Instructions: 18199710897
Total Cycles: 637997058941
IPC: 0.0285263

--------
Two level Cache hierarchy
--------
  L1-Data Cache:
    Size(KB):          32
    Block Size(B):     32
    Associativity:      4

  L2-Data Cache:
    Size(KB):        2048
    Block Size(B):    256
    Associativity:     16

Latencies:    1   15  250
L1-Sets:  256 - SRRIP - assoc:   4
L2-Sets:  512 - SRRIP - assoc:  16
Store_allocation: Yes
L2_inclusive: Yes

L1 Cache Stats:
L1-Load-Hits:        1941912084   30.57%
L1-Load-Misses:      4411070658   69.43%
L1-Load-Accesses:    6352982742  100.00%

L1-Store-Hits:        1150734588   61.18%
L1-Store-Misses:       730063584   38.82%
L1-Store-Accesses:    1880798172  100.00%

L1-Total-Hits:        3092646672   37.56%
L1-Total-Misses:      5141134242   62.44%
L1-Total-Accesses:    8233780914  100.00%

L2 Cache Stats:
L2-Load-Hits:        2624636640   59.50%
L2-Load-Misses:      1786434018   40.50%
L2-Load-Accesses:    4411070658  100.00%

L2-Store-Hits:         378711388   51.87%
L2-Store-Misses:       351352196   48.13%
L2-Store-Accesses:     730063584  100.00%

L2-Total-Hits:        3003348028   58.42%
L2-Total-Misses:      2137786214   41.58%
L2-Total-Accesses:    5141134242  100.00%

