--------
Total Statistics
--------
Total Instructions: 18199710897
Total Cycles: 1068550367821
IPC: 0.0170322

--------
Two level Cache hierarchy
--------
  L1-Data Cache:
    Size(KB):          32
    Block Size(B):     32
    Associativity:      4

  L2-Data Cache:
    Size(KB):         512
    Block Size(B):    256
    Associativity:      8

Latencies:    1   15  250
L1-Sets:  256 - SRRIP - assoc:   4
L2-Sets:  256 - SRRIP - assoc:   8
Store_allocation: Yes
L2_inclusive: Yes

L1 Cache Stats:
L1-Load-Hits:        1883131242   29.64%
L1-Load-Misses:      4469851500   70.36%
L1-Load-Accesses:    6352982742  100.00%

L1-Store-Hits:        1152573938   61.28%
L1-Store-Misses:       728224234   38.72%
L1-Store-Accesses:    1880798172  100.00%

L1-Total-Hits:        3035705180   36.87%
L1-Total-Misses:      5198075734   63.13%
L1-Total-Accesses:    8233780914  100.00%

L2 Cache Stats:
L2-Load-Hits:        1055971793   23.62%
L2-Load-Misses:      3413879707   76.38%
L2-Load-Accesses:    4469851500  100.00%

L2-Store-Hits:         285520981   39.21%
L2-Store-Misses:       442703253   60.79%
L2-Store-Accesses:     728224234  100.00%

L2-Total-Hits:        1341492774   25.81%
L2-Total-Misses:      3856582960   74.19%
L2-Total-Accesses:    5198075734  100.00%

