--------
Total Statistics
--------
Total Instructions: 60533966082
Total Cycles: 90429424960
IPC: 0.669406

--------
Two level Cache hierarchy
--------
  L1-Data Cache:
    Size(KB):          32
    Block Size(B):     32
    Associativity:      4

  L2-Data Cache:
    Size(KB):        1024
    Block Size(B):    256
    Associativity:     16

Latencies:    1   15  250
L1-Sets:  256 - RANDOM - assoc:   4
L2-Sets:  256 - RANDOM - assoc:  16
Store_allocation: Yes
L2_inclusive: Yes

L1 Cache Stats:
L1-Load-Hits:       13207178932   94.83%
L1-Load-Misses:       719436081    5.17%
L1-Load-Accesses:   13926615013  100.00%

L1-Store-Hits:        3671172034   98.52%
L1-Store-Misses:        55232101    1.48%
L1-Store-Accesses:    3726404135  100.00%

L1-Total-Hits:       16878350966   95.61%
L1-Total-Misses:       774668182    4.39%
L1-Total-Accesses:   17653019148  100.00%

L2 Cache Stats:
L2-Load-Hits:         717463636   99.73%
L2-Load-Misses:         1972445    0.27%
L2-Load-Accesses:     719436081  100.00%

L2-Store-Hits:          54714878   99.06%
L2-Store-Misses:          517223    0.94%
L2-Store-Accesses:      55232101  100.00%

L2-Total-Hits:         772178514   99.68%
L2-Total-Misses:         2489668    0.32%
L2-Total-Accesses:     774668182  100.00%

