--------
Total Statistics
--------
Total Instructions: 7462335473
Total Cycles: 28950103269
IPC: 0.257765

--------
Two level Cache hierarchy
--------
  L1-Data Cache:
    Size(KB):          32
    Block Size(B):     32
    Associativity:      4

  L2-Data Cache:
    Size(KB):        2048
    Block Size(B):    256
    Associativity:     16

Latencies:    1   15  250
L1-Sets:  256 - RANDOM - assoc:   4
L2-Sets:  512 - RANDOM - assoc:  16
Store_allocation: Yes
L2_inclusive: Yes

L1 Cache Stats:
L1-Load-Hits:        1745584372   79.96%
L1-Load-Misses:       437476078   20.04%
L1-Load-Accesses:    2183060450  100.00%

L1-Store-Hits:         420582138   90.95%
L1-Store-Misses:        41865893    9.05%
L1-Store-Accesses:     462448031  100.00%

L1-Total-Hits:        2166166510   81.88%
L1-Total-Misses:       479341971   18.12%
L1-Total-Accesses:    2645508481  100.00%

L2 Cache Stats:
L2-Load-Hits:         394023579   90.07%
L2-Load-Misses:        43452499    9.93%
L2-Load-Accesses:     437476078  100.00%

L2-Store-Hits:          38709873   92.46%
L2-Store-Misses:         3156020    7.54%
L2-Store-Accesses:      41865893  100.00%

L2-Total-Hits:         432733452   90.28%
L2-Total-Misses:        46608519    9.72%
L2-Total-Accesses:     479341971  100.00%

