--------
Total Statistics
--------
Total Instructions: 108730226355
Total Cycles: 543170809444
IPC: 0.200177

--------
Two level Cache hierarchy
--------
  L1-Data Cache:
    Size(KB):          32
    Block Size(B):     32
    Associativity:      4

  L2-Data Cache:
    Size(KB):        1024
    Block Size(B):    256
    Associativity:     16

Latencies:    1   15  250
L1-Sets:  256 - RANDOM - assoc:   4
L2-Sets:  256 - RANDOM - assoc:  16
Store_allocation: Yes
L2_inclusive: Yes

L1 Cache Stats:
L1-Load-Hits:       26561233541   76.40%
L1-Load-Misses:      8204252329   23.60%
L1-Load-Accesses:   34765485870  100.00%

L1-Store-Hits:        8932898928   93.10%
L1-Store-Misses:       661714241    6.90%
L1-Store-Accesses:    9594613169  100.00%

L1-Total-Hits:       35494132469   80.01%
L1-Total-Misses:      8865966570   19.99%
L1-Total-Accesses:   44360099039  100.00%

L2 Cache Stats:
L2-Load-Hits:        7205132087   87.82%
L2-Load-Misses:       999120242   12.18%
L2-Load-Accesses:    8204252329  100.00%

L2-Store-Hits:         632470541   95.58%
L2-Store-Misses:        29243700    4.42%
L2-Store-Accesses:     661714241  100.00%

L2-Total-Hits:        7837602628   88.40%
L2-Total-Misses:      1028363942   11.60%
L2-Total-Accesses:    8865966570  100.00%

