--------
Total Statistics
--------
Total Instructions: 108730226259
Total Cycles: 607335089250
IPC: 0.179028

--------
Two level Cache hierarchy
--------
  L1-Data Cache:
    Size(KB):          32
    Block Size(B):     32
    Associativity:      4

  L2-Data Cache:
    Size(KB):         512
    Block Size(B):    256
    Associativity:      8

Latencies:    1   15  250
L1-Sets:  256 - RANDOM - assoc:   4
L2-Sets:  256 - RANDOM - assoc:   8
Store_allocation: Yes
L2_inclusive: Yes

L1 Cache Stats:
L1-Load-Hits:       26565528534   76.41%
L1-Load-Misses:      8199957336   23.59%
L1-Load-Accesses:   34765485870  100.00%

L1-Store-Hits:        8941649257   93.19%
L1-Store-Misses:       652963864    6.81%
L1-Store-Accesses:    9594613121  100.00%

L1-Total-Hits:       35507177791   80.04%
L1-Total-Misses:      8852921200   19.96%
L1-Total-Accesses:   44360098991  100.00%

L2 Cache Stats:
L2-Load-Hits:        6965732184   84.95%
L2-Load-Misses:      1234225152   15.05%
L2-Load-Accesses:    8199957336  100.00%

L2-Store-Hits:         601385232   92.10%
L2-Store-Misses:        51578632    7.90%
L2-Store-Accesses:     652963864  100.00%

L2-Total-Hits:        7567117416   85.48%
L2-Total-Misses:      1285803784   14.52%
L2-Total-Accesses:    8852921200  100.00%

