--------
Total Statistics
--------
Total Instructions: 108730226547
Total Cycles: 524541261772
IPC: 0.207286

--------
Two level Cache hierarchy
--------
  L1-Data Cache:
    Size(KB):          32
    Block Size(B):     32
    Associativity:      4

  L2-Data Cache:
    Size(KB):        2048
    Block Size(B):    256
    Associativity:     16

Latencies:    1   15  250
L1-Sets:  256 - RANDOM - assoc:   4
L2-Sets:  512 - RANDOM - assoc:  16
Store_allocation: Yes
L2_inclusive: Yes

L1 Cache Stats:
L1-Load-Hits:       26543554967   76.35%
L1-Load-Misses:      8221930903   23.65%
L1-Load-Accesses:   34765485870  100.00%

L1-Store-Hits:        8923494512   93.01%
L1-Store-Misses:       671118753    6.99%
L1-Store-Accesses:    9594613265  100.00%

L1-Total-Hits:       35467049479   79.95%
L1-Total-Misses:      8893049656   20.05%
L1-Total-Accesses:   44360099135  100.00%

L2 Cache Stats:
L2-Load-Hits:        7297642625   88.76%
L2-Load-Misses:       924288278   11.24%
L2-Load-Accesses:    8221930903  100.00%

L2-Store-Hits:         643186266   95.84%
L2-Store-Misses:        27932487    4.16%
L2-Store-Accesses:     671118753  100.00%

L2-Total-Hits:        7940828891   89.29%
L2-Total-Misses:       952220765   10.71%
L2-Total-Accesses:    8893049656  100.00%

