--------
Total Statistics
--------
Total Instructions: 7473200667
Total Cycles: 225692511303
IPC: 0.0331123

--------
Two level Cache hierarchy
--------
  L1-Data Cache:
    Size(KB):          32
    Block Size(B):     32
    Associativity:      4

  L2-Data Cache:
    Size(KB):        1024
    Block Size(B):    256
    Associativity:      8

Latencies:    1   15  250
L1-Sets:  256 - SRRIP - assoc:   4
L2-Sets:  512 - SRRIP - assoc:   8
Store_allocation: Yes
L2_inclusive: Yes

L1 Cache Stats:
L1-Load-Hits:         950251927   43.51%
L1-Load-Misses:      1233631613   56.49%
L1-Load-Accesses:    2183883540  100.00%

L1-Store-Hits:         228768969   49.43%
L1-Store-Misses:       234010152   50.57%
L1-Store-Accesses:     462779121  100.00%

L1-Total-Hits:        1179020896   44.55%
L1-Total-Misses:      1467641765   55.45%
L1-Total-Accesses:    2646662661  100.00%

L2 Cache Stats:
L2-Load-Hits:         567367178   45.99%
L2-Load-Misses:       666264435   54.01%
L2-Load-Accesses:    1233631613  100.00%

L2-Store-Hits:         126042501   53.86%
L2-Store-Misses:       107967651   46.14%
L2-Store-Accesses:     234010152  100.00%

L2-Total-Hits:         693409679   47.25%
L2-Total-Misses:       774232086   52.75%
L2-Total-Accesses:    1467641765  100.00%

