--------
Total Statistics
--------
Total Instructions: 60533966080
Total Cycles: 4557832189713
IPC: 0.0132813

--------
Two level Cache hierarchy
--------
  L1-Data Cache:
    Size(KB):          32
    Block Size(B):     32
    Associativity:      4

  L2-Data Cache:
    Size(KB):        1024
    Block Size(B):    256
    Associativity:     16

Latencies:    1   15  250
L1-Sets:  256 - LFU - assoc:   4
L2-Sets:  256 - LFU - assoc:  16
Store_allocation: Yes
L2_inclusive: Yes

L1 Cache Stats:
L1-Load-Hits:         178696455    1.28%
L1-Load-Misses:     13747918558   98.72%
L1-Load-Accesses:   13926615013  100.00%

L1-Store-Hits:          97894344    2.63%
L1-Store-Misses:      3628509791   97.37%
L1-Store-Accesses:    3726404135  100.00%

L1-Total-Hits:         276590799    1.57%
L1-Total-Misses:     17376428349   98.43%
L1-Total-Accesses:   17653019148  100.00%

L2 Cache Stats:
L2-Load-Hits:         477642915    3.47%
L2-Load-Misses:     13270275643   96.53%
L2-Load-Accesses:   13747918558  100.00%

L2-Store-Hits:          22790317    0.63%
L2-Store-Misses:      3605719474   99.37%
L2-Store-Accesses:    3628509791  100.00%

L2-Total-Hits:         500433232    2.88%
L2-Total-Misses:     16875995117   97.12%
L2-Total-Accesses:   17376428349  100.00%

