--------
Total Statistics
--------
Total Instructions: 60533966080
Total Cycles: 4516450404113
IPC: 0.013403

--------
Two level Cache hierarchy
--------
  L1-Data Cache:
    Size(KB):          32
    Block Size(B):     32
    Associativity:      4

  L2-Data Cache:
    Size(KB):        2048
    Block Size(B):    256
    Associativity:     16

Latencies:    1   15  250
L1-Sets:  256 - LFU - assoc:   4
L2-Sets:  512 - LFU - assoc:  16
Store_allocation: Yes
L2_inclusive: Yes

L1 Cache Stats:
L1-Load-Hits:         184780000    1.33%
L1-Load-Misses:     13741835013   98.67%
L1-Load-Accesses:   13926615013  100.00%

L1-Store-Hits:         106712539    2.86%
L1-Store-Misses:      3619691596   97.14%
L1-Store-Accesses:    3726404135  100.00%

L1-Total-Hits:         291492539    1.65%
L1-Total-Misses:     17361526609   98.35%
L1-Total-Accesses:   17653019148  100.00%

L2 Cache Stats:
L2-Load-Hits:         614991101    4.48%
L2-Load-Misses:     13126843912   95.52%
L2-Load-Accesses:   13741835013  100.00%

L2-Store-Hits:          35173429    0.97%
L2-Store-Misses:      3584518167   99.03%
L2-Store-Accesses:    3619691596  100.00%

L2-Total-Hits:         650164530    3.74%
L2-Total-Misses:     16711362079   96.26%
L2-Total-Accesses:   17361526609  100.00%

