--------
Total Statistics
--------
Total Instructions: 96483404779
Total Cycles: 568808652189
IPC: 0.169624

--------
Two level Cache hierarchy
--------
  L1-Data Cache:
    Size(KB):          32
    Block Size(B):     32
    Associativity:      4

  L2-Data Cache:
    Size(KB):        1024
    Block Size(B):    256
    Associativity:      8

Latencies:    1   15  250
L1-Sets:  256 - RANDOM - assoc:   4
L2-Sets:  512 - RANDOM - assoc:   8
Store_allocation: Yes
L2_inclusive: Yes

L1 Cache Stats:
L1-Load-Hits:       17703917442   87.24%
L1-Load-Misses:      2589243314   12.76%
L1-Load-Accesses:   20293160756  100.00%

L1-Store-Hits:        5269806360   45.29%
L1-Store-Misses:      6367151099   54.71%
L1-Store-Accesses:   11636957459  100.00%

L1-Total-Hits:       22973723802   71.95%
L1-Total-Misses:      8956394413   28.05%
L1-Total-Accesses:   31930118215  100.00%

L2 Cache Stats:
L2-Load-Hits:        2299789799   88.82%
L2-Load-Misses:       289453515   11.18%
L2-Load-Accesses:    2589243314  100.00%

L2-Store-Hits:        5432407762   85.32%
L2-Store-Misses:       934743337   14.68%
L2-Store-Accesses:    6367151099  100.00%

L2-Total-Hits:        7732197561   86.33%
L2-Total-Misses:      1224196852   13.67%
L2-Total-Accesses:    8956394413  100.00%

