--------
Total Statistics
--------
Total Instructions: 108730226547
Total Cycles: 9752951589522
IPC: 0.0111484

--------
Two level Cache hierarchy
--------
  L1-Data Cache:
    Size(KB):          32
    Block Size(B):     32
    Associativity:      4

  L2-Data Cache:
    Size(KB):         512
    Block Size(B):    256
    Associativity:      8

Latencies:    1   15  250
L1-Sets:  256 - LFU - assoc:   4
L2-Sets:  256 - LFU - assoc:   8
Store_allocation: Yes
L2_inclusive: Yes

L1 Cache Stats:
L1-Load-Hits:        6224785883   17.91%
L1-Load-Misses:     28540699987   82.09%
L1-Load-Accesses:   34765485870  100.00%

L1-Store-Hits:         667358046    6.96%
L1-Store-Misses:      8927255219   93.04%
L1-Store-Accesses:    9594613265  100.00%

L1-Total-Hits:        6892143929   15.54%
L1-Total-Misses:     37467955206   84.46%
L1-Total-Accesses:   44360099135  100.00%

L2 Cache Stats:
L2-Load-Hits:        1040601094    3.65%
L2-Load-Misses:     27500098893   96.35%
L2-Load-Accesses:   28540699987  100.00%

L2-Store-Hits:         275986369    3.09%
L2-Store-Misses:      8651268850   96.91%
L2-Store-Accesses:    8927255219  100.00%

L2-Total-Hits:        1316587463    3.51%
L2-Total-Misses:     36151367743   96.49%
L2-Total-Accesses:   37467955206  100.00%

