--------
Total Statistics
--------
Total Instructions: 38323369492
Total Cycles: 268787260071
IPC: 0.142579

--------
Two level Cache hierarchy
--------
  L1-Data Cache:
    Size(KB):          32
    Block Size(B):     32
    Associativity:      4

  L2-Data Cache:
    Size(KB):         256
    Block Size(B):     64
    Associativity:      8

Latencies:    1   15  250
L1-Sets:  256 - LRU - assoc:   4
L2-Sets:  512 - LRU - assoc:   8
Store_allocation: Yes
L2_inclusive: Yes

L1 Cache Stats:
L1-Load-Hits:        8616760793   89.23%
L1-Load-Misses:      1039792841   10.77%
L1-Load-Accesses:    9656553634  100.00%

L1-Store-Hits:        3213450696   90.16%
L1-Store-Misses:       350700149    9.84%
L1-Store-Accesses:    3564150845  100.00%

L1-Total-Hits:       11830211489   89.48%
L1-Total-Misses:      1390492990   10.52%
L1-Total-Accesses:   13220704479  100.00%

L2 Cache Stats:
L2-Load-Hits:         438098913   42.13%
L2-Load-Misses:       601693928   57.87%
L2-Load-Accesses:    1039792841  100.00%

L2-Store-Hits:         166850912   47.58%
L2-Store-Misses:       183849237   52.42%
L2-Store-Accesses:     350700149  100.00%

L2-Total-Hits:         604949825   43.51%
L2-Total-Misses:       785543165   56.49%
L2-Total-Accesses:    1390492990  100.00%

