--------
Total Statistics
--------
Total Instructions: 38323369492
Total Cycles: 192924750651
IPC: 0.198644

--------
Two level Cache hierarchy
--------
  L1-Data Cache:
    Size(KB):          32
    Block Size(B):     32
    Associativity:      4

  L2-Data Cache:
    Size(KB):         512
    Block Size(B):    128
    Associativity:      4

Latencies:    1   15  250
L1-Sets:  256 - LRU - assoc:   4
L2-Sets: 1024 - LRU - assoc:   4
Store_allocation: Yes
L2_inclusive: Yes

L1 Cache Stats:
L1-Load-Hits:        8616896853   89.23%
L1-Load-Misses:      1039656781   10.77%
L1-Load-Accesses:    9656553634  100.00%

L1-Store-Hits:        3213801714   90.17%
L1-Store-Misses:       350349131    9.83%
L1-Store-Accesses:    3564150845  100.00%

L1-Total-Hits:       11830698567   89.49%
L1-Total-Misses:      1390005912   10.51%
L1-Total-Accesses:   13220704479  100.00%

L2 Cache Stats:
L2-Load-Hits:         657384244   63.23%
L2-Load-Misses:       382272537   36.77%
L2-Load-Accesses:    1039656781  100.00%

L2-Store-Hits:         250499316   71.50%
L2-Store-Misses:        99849815   28.50%
L2-Store-Accesses:     350349131  100.00%

L2-Total-Hits:         907883560   65.32%
L2-Total-Misses:       482122352   34.68%
L2-Total-Accesses:    1390005912  100.00%

