--------
Total Statistics
--------
Total Instructions: 38323369492
Total Cycles: 159654625276
IPC: 0.240039

--------
Two level Cache hierarchy
--------
  L1-Data Cache:
    Size(KB):          32
    Block Size(B):     32
    Associativity:      4

  L2-Data Cache:
    Size(KB):         512
    Block Size(B):    256
    Associativity:      4

Latencies:    1   15  250
L1-Sets:  256 - LRU - assoc:   4
L2-Sets:  512 - LRU - assoc:   4
Store_allocation: Yes
L2_inclusive: Yes

L1 Cache Stats:
L1-Load-Hits:        8616679305   89.23%
L1-Load-Misses:      1039874329   10.77%
L1-Load-Accesses:    9656553634  100.00%

L1-Store-Hits:        3213225537   90.15%
L1-Store-Misses:       350925308    9.85%
L1-Store-Accesses:    3564150845  100.00%

L1-Total-Hits:       11829904842   89.48%
L1-Total-Misses:      1390799637   10.52%
L1-Total-Accesses:   13220704479  100.00%

L2 Cache Stats:
L2-Load-Hits:         757826455   72.88%
L2-Load-Misses:       282047874   27.12%
L2-Load-Accesses:    1039874329  100.00%

L2-Store-Hits:         283978955   80.92%
L2-Store-Misses:        66946353   19.08%
L2-Store-Accesses:     350925308  100.00%

L2-Total-Hits:        1041805410   74.91%
L2-Total-Misses:       348994227   25.09%
L2-Total-Accesses:    1390799637  100.00%

