--------
Total Statistics
--------
Total Instructions: 38323369492
Total Cycles: 159610140586
IPC: 0.240106

--------
Two level Cache hierarchy
--------
  L1-Data Cache:
    Size(KB):          32
    Block Size(B):     32
    Associativity:      4

  L2-Data Cache:
    Size(KB):         512
    Block Size(B):    256
    Associativity:      8

Latencies:    1   15  250
L1-Sets:  256 - LRU - assoc:   4
L2-Sets:  256 - LRU - assoc:   8
Store_allocation: Yes
L2_inclusive: Yes

L1 Cache Stats:
L1-Load-Hits:        8616915165   89.23%
L1-Load-Misses:      1039638469   10.77%
L1-Load-Accesses:    9656553634  100.00%

L1-Store-Hits:        3213230423   90.15%
L1-Store-Misses:       350920422    9.85%
L1-Store-Accesses:    3564150845  100.00%

L1-Total-Hits:       11830145588   89.48%
L1-Total-Misses:      1390558891   10.52%
L1-Total-Accesses:   13220704479  100.00%

L2 Cache Stats:
L2-Load-Hits:         757771870   72.89%
L2-Load-Misses:       281866599   27.11%
L2-Load-Accesses:    1039638469  100.00%

L2-Store-Hits:         283956288   80.92%
L2-Store-Misses:        66964134   19.08%
L2-Store-Accesses:     350920422  100.00%

L2-Total-Hits:        1041728158   74.91%
L2-Total-Misses:       348830733   25.09%
L2-Total-Accesses:    1390558891  100.00%

