--------
Total Statistics
--------
Total Instructions: 38323369492
Total Cycles: 191568286711
IPC: 0.200051

--------
Two level Cache hierarchy
--------
  L1-Data Cache:
    Size(KB):          32
    Block Size(B):     32
    Associativity:      4

  L2-Data Cache:
    Size(KB):        1024
    Block Size(B):    128
    Associativity:      8

Latencies:    1   15  250
L1-Sets:  256 - LRU - assoc:   4
L2-Sets: 1024 - LRU - assoc:   8
Store_allocation: Yes
L2_inclusive: Yes

L1 Cache Stats:
L1-Load-Hits:        8617332016   89.24%
L1-Load-Misses:      1039221618   10.76%
L1-Load-Accesses:    9656553634  100.00%

L1-Store-Hits:        3213947847   90.17%
L1-Store-Misses:       350202998    9.83%
L1-Store-Accesses:    3564150845  100.00%

L1-Total-Hits:       11831279863   89.49%
L1-Total-Misses:      1389424616   10.51%
L1-Total-Accesses:   13220704479  100.00%

L2 Cache Stats:
L2-Load-Hits:         659923066   63.50%
L2-Load-Misses:       379298552   36.50%
L2-Load-Accesses:    1039221618  100.00%

L2-Store-Hits:         252770176   72.18%
L2-Store-Misses:        97432822   27.82%
L2-Store-Accesses:     350202998  100.00%

L2-Total-Hits:         912693242   65.69%
L2-Total-Misses:       476731374   34.31%
L2-Total-Accesses:    1389424616  100.00%

