--------
Total Statistics
--------
Total Instructions: 38323369492
Total Cycles: 158996226686
IPC: 0.241033

--------
Two level Cache hierarchy
--------
  L1-Data Cache:
    Size(KB):          32
    Block Size(B):     32
    Associativity:      4

  L2-Data Cache:
    Size(KB):        1024
    Block Size(B):    256
    Associativity:     16

Latencies:    1   15  250
L1-Sets:  256 - LRU - assoc:   4
L2-Sets:  256 - LRU - assoc:  16
Store_allocation: Yes
L2_inclusive: Yes

L1 Cache Stats:
L1-Load-Hits:        8617285475   89.24%
L1-Load-Misses:      1039268159   10.76%
L1-Load-Accesses:    9656553634  100.00%

L1-Store-Hits:        3213895973   90.17%
L1-Store-Misses:       350254872    9.83%
L1-Store-Accesses:    3564150845  100.00%

L1-Total-Hits:       11831181448   89.49%
L1-Total-Misses:      1389523031   10.51%
L1-Total-Accesses:   13220704479  100.00%

L2 Cache Stats:
L2-Load-Hits:         758596449   72.99%
L2-Load-Misses:       280671710   27.01%
L2-Load-Accesses:    1039268159  100.00%

L2-Store-Hits:         284489353   81.22%
L2-Store-Misses:        65765519   18.78%
L2-Store-Accesses:     350254872  100.00%

L2-Total-Hits:        1043085802   75.07%
L2-Total-Misses:       346437229   24.93%
L2-Total-Accesses:    1389523031  100.00%

