--------
Total Statistics
--------
Total Instructions: 38323369492
Total Cycles: 192929240001
IPC: 0.19864

--------
Two level Cache hierarchy
--------
  L1-Data Cache:
    Size(KB):          32
    Block Size(B):     32
    Associativity:      4

  L2-Data Cache:
    Size(KB):         512
    Block Size(B):    128
    Associativity:      8

Latencies:    1   15  250
L1-Sets:  256 - LRU - assoc:   4
L2-Sets:  512 - LRU - assoc:   8
Store_allocation: Yes
L2_inclusive: Yes

L1 Cache Stats:
L1-Load-Hits:        8616872087   89.23%
L1-Load-Misses:      1039681547   10.77%
L1-Load-Accesses:    9656553634  100.00%

L1-Store-Hits:        3213821390   90.17%
L1-Store-Misses:       350329455    9.83%
L1-Store-Accesses:    3564150845  100.00%

L1-Total-Hits:       11830693477   89.49%
L1-Total-Misses:      1390011002   10.51%
L1-Total-Accesses:   13220704479  100.00%

L2 Cache Stats:
L2-Load-Hits:         657458979   63.24%
L2-Load-Misses:       382222568   36.76%
L2-Load-Accesses:    1039681547  100.00%

L2-Store-Hits:         250412019   71.48%
L2-Store-Misses:        99917436   28.52%
L2-Store-Accesses:     350329455  100.00%

L2-Total-Hits:         907870998   65.31%
L2-Total-Misses:       482140004   34.69%
L2-Total-Accesses:    1390011002  100.00%

