--------
Total Statistics
--------
Total Instructions: 7463593617
Total Cycles: 29642539443
IPC: 0.251787

--------
Two level Cache hierarchy
--------
  L1-Data Cache:
    Size(KB):          32
    Block Size(B):     32
    Associativity:      4

  L2-Data Cache:
    Size(KB):         512
    Block Size(B):    256
    Associativity:      8

Latencies:    1   15  250
L1-Sets:  256 - LIP - assoc:   4
L2-Sets:  256 - LIP - assoc:   8
Store_allocation: Yes
L2_inclusive: Yes

L1 Cache Stats:
L1-Load-Hits:        1811277019   82.96%
L1-Load-Misses:       372114521   17.04%
L1-Load-Accesses:    2183391540  100.00%

L1-Store-Hits:         436899381   94.41%
L1-Store-Misses:        25879740    5.59%
L1-Store-Accesses:     462779121  100.00%

L1-Total-Hits:        2248176400   84.96%
L1-Total-Misses:       397994261   15.04%
L1-Total-Accesses:    2646170661  100.00%

L2 Cache Stats:
L2-Load-Hits:         321210819   86.32%
L2-Load-Misses:        50903702   13.68%
L2-Load-Accesses:     372114521  100.00%

L2-Store-Hits:          22531997   87.06%
L2-Store-Misses:         3347743   12.94%
L2-Store-Accesses:      25879740  100.00%

L2-Total-Hits:         343742816   86.37%
L2-Total-Misses:        54251445   13.63%
L2-Total-Accesses:     397994261  100.00%

