--------
Total Statistics
--------
Total Instructions: 7462569002
Total Cycles: 28334788628
IPC: 0.263371

--------
Two level Cache hierarchy
--------
  L1-Data Cache:
    Size(KB):          32
    Block Size(B):     32
    Associativity:      4

  L2-Data Cache:
    Size(KB):        1024
    Block Size(B):    256
    Associativity:     16

Latencies:    1   15  250
L1-Sets:  256 - LIP - assoc:   4
L2-Sets:  256 - LIP - assoc:  16
Store_allocation: Yes
L2_inclusive: Yes

L1 Cache Stats:
L1-Load-Hits:        1810276533   82.92%
L1-Load-Misses:       372845372   17.08%
L1-Load-Accesses:    2183121905  100.00%

L1-Store-Hits:         436662059   94.41%
L1-Store-Misses:        25847427    5.59%
L1-Store-Accesses:     462509486  100.00%

L1-Total-Hits:        2246938592   84.93%
L1-Total-Misses:       398692799   15.07%
L1-Total-Accesses:    2645631391  100.00%

L2 Cache Stats:
L2-Load-Hits:         326794924   87.65%
L2-Load-Misses:        46050448   12.35%
L2-Load-Accesses:     372845372  100.00%

L2-Store-Hits:          22913090   88.65%
L2-Store-Misses:         2934337   11.35%
L2-Store-Accesses:      25847427  100.00%

L2-Total-Hits:         349708014   87.71%
L2-Total-Misses:        48984785   12.29%
L2-Total-Accesses:     398692799  100.00%

