--------
Total Statistics
--------
Total Instructions: 7462335473
Total Cycles: 26876123289
IPC: 0.277657

--------
Two level Cache hierarchy
--------
  L1-Data Cache:
    Size(KB):          32
    Block Size(B):     32
    Associativity:      4

  L2-Data Cache:
    Size(KB):        2048
    Block Size(B):    256
    Associativity:     16

Latencies:    1   15  250
L1-Sets:  256 - LIP - assoc:   4
L2-Sets:  512 - LIP - assoc:  16
Store_allocation: Yes
L2_inclusive: Yes

L1 Cache Stats:
L1-Load-Hits:        1806253902   82.74%
L1-Load-Misses:       376806548   17.26%
L1-Load-Accesses:    2183060450  100.00%

L1-Store-Hits:         436657290   94.42%
L1-Store-Misses:        25790741    5.58%
L1-Store-Accesses:     462448031  100.00%

L1-Total-Hits:        2242911192   84.78%
L1-Total-Misses:       402597289   15.22%
L1-Total-Accesses:    2645508481  100.00%

L2 Cache Stats:
L2-Load-Hits:         336231490   89.23%
L2-Load-Misses:        40575058   10.77%
L2-Load-Accesses:     376806548  100.00%

L2-Store-Hits:          23448519   90.92%
L2-Store-Misses:         2342222    9.08%
L2-Store-Accesses:      25790741  100.00%

L2-Total-Hits:         359680009   89.34%
L2-Total-Misses:        42917280   10.66%
L2-Total-Accesses:     402597289  100.00%

