--------
Total Statistics
--------
Total Instructions: 38323369492
Total Cycles: 2417326119816
IPC: 0.0158536

--------
Two level Cache hierarchy
--------
  L1-Data Cache:
    Size(KB):          32
    Block Size(B):     32
    Associativity:      4

  L2-Data Cache:
    Size(KB):        1024
    Block Size(B):    256
    Associativity:      8

Latencies:    1   15  250
L1-Sets:  256 - LFU - assoc:   4
L2-Sets:  512 - LFU - assoc:   8
Store_allocation: Yes
L2_inclusive: Yes

L1 Cache Stats:
L1-Load-Hits:        2022721293   20.95%
L1-Load-Misses:      7633832341   79.05%
L1-Load-Accesses:    9656553634  100.00%

L1-Store-Hits:        1348535163   37.84%
L1-Store-Misses:      2215615682   62.16%
L1-Store-Accesses:    3564150845  100.00%

L1-Total-Hits:        3371256456   25.50%
L1-Total-Misses:      9849448023   74.50%
L1-Total-Accesses:   13220704479  100.00%

L2 Cache Stats:
L2-Load-Hits:         580996010    7.61%
L2-Load-Misses:      7052836331   92.39%
L2-Load-Accesses:    7633832341  100.00%

L2-Store-Hits:         396290711   17.89%
L2-Store-Misses:      1819324971   82.11%
L2-Store-Accesses:    2215615682  100.00%

L2-Total-Hits:         977286721    9.92%
L2-Total-Misses:      8872161302   90.08%
L2-Total-Accesses:    9849448023  100.00%

