--------
Total Statistics
--------
Total Instructions: 38323369492
Total Cycles: 2373215154656
IPC: 0.0161483

--------
Two level Cache hierarchy
--------
  L1-Data Cache:
    Size(KB):          32
    Block Size(B):     32
    Associativity:      4

  L2-Data Cache:
    Size(KB):        2048
    Block Size(B):    256
    Associativity:     16

Latencies:    1   15  250
L1-Sets:  256 - LFU - assoc:   4
L2-Sets:  512 - LFU - assoc:  16
Store_allocation: Yes
L2_inclusive: Yes

L1 Cache Stats:
L1-Load-Hits:        2098139179   21.73%
L1-Load-Misses:      7558414455   78.27%
L1-Load-Accesses:    9656553634  100.00%

L1-Store-Hits:        1378547371   38.68%
L1-Store-Misses:      2185603474   61.32%
L1-Store-Accesses:    3564150845  100.00%

L1-Total-Hits:        3476686550   26.30%
L1-Total-Misses:      9744017929   73.70%
L1-Total-Accesses:   13220704479  100.00%

L2 Cache Stats:
L2-Load-Hits:         632893606    8.37%
L2-Load-Misses:      6925520849   91.63%
L2-Load-Accesses:    7558414455  100.00%

L2-Store-Hits:         409081076   18.72%
L2-Store-Misses:      1776522398   81.28%
L2-Store-Accesses:    2185603474  100.00%

L2-Total-Hits:        1041974682   10.69%
L2-Total-Misses:      8702043247   89.31%
L2-Total-Accesses:    9744017929  100.00%

