--------
Total Statistics
--------
Total Instructions: 38323369492
Total Cycles: 2423135446961
IPC: 0.0158156

--------
Two level Cache hierarchy
--------
  L1-Data Cache:
    Size(KB):          32
    Block Size(B):     32
    Associativity:      4

  L2-Data Cache:
    Size(KB):         512
    Block Size(B):    256
    Associativity:      8

Latencies:    1   15  250
L1-Sets:  256 - LFU - assoc:   4
L2-Sets:  256 - LFU - assoc:   8
Store_allocation: Yes
L2_inclusive: Yes

L1 Cache Stats:
L1-Load-Hits:        2048757246   21.22%
L1-Load-Misses:      7607796388   78.78%
L1-Load-Accesses:    9656553634  100.00%

L1-Store-Hits:        1407519267   39.49%
L1-Store-Misses:      2156631578   60.51%
L1-Store-Accesses:    3564150845  100.00%

L1-Total-Hits:        3456276513   26.14%
L1-Total-Misses:      9764427966   73.86%
L1-Total-Accesses:   13220704479  100.00%

L2 Cache Stats:
L2-Load-Hits:         527073318    6.93%
L2-Load-Misses:      7080723070   93.07%
L2-Load-Accesses:    7607796388  100.00%

L2-Store-Hits:         336854834   15.62%
L2-Store-Misses:      1819776744   84.38%
L2-Store-Accesses:    2156631578  100.00%

L2-Total-Hits:         863928152    8.85%
L2-Total-Misses:      8900499814   91.15%
L2-Total-Accesses:    9764427966  100.00%

