--------
Total Statistics
--------
Total Instructions: 108730226355
Total Cycles: 3132679277944
IPC: 0.0347084

--------
Two level Cache hierarchy
--------
  L1-Data Cache:
    Size(KB):          32
    Block Size(B):     32
    Associativity:      4

  L2-Data Cache:
    Size(KB):        1024
    Block Size(B):    256
    Associativity:     16

Latencies:    1   15  250
L1-Sets:  256 - SRRIP - assoc:   4
L2-Sets:  256 - SRRIP - assoc:  16
Store_allocation: Yes
L2_inclusive: Yes

L1 Cache Stats:
L1-Load-Hits:       11083851893   31.88%
L1-Load-Misses:     23681633977   68.12%
L1-Load-Accesses:   34765485870  100.00%

L1-Store-Hits:        2639894726   27.51%
L1-Store-Misses:      6954718443   72.49%
L1-Store-Accesses:    9594613169  100.00%

L1-Total-Hits:       13723746619   30.94%
L1-Total-Misses:     30636352420   69.06%
L1-Total-Accesses:   44360099039  100.00%

L2 Cache Stats:
L2-Load-Hits:       15730732640   66.43%
L2-Load-Misses:      7950901337   33.57%
L2-Load-Accesses:   23681633977  100.00%

L2-Store-Hits:        4825445115   69.38%
L2-Store-Misses:      2129273328   30.62%
L2-Store-Accesses:    6954718443  100.00%

L2-Total-Hits:       20556177755   67.10%
L2-Total-Misses:     10080174665   32.90%
L2-Total-Accesses:   30636352420  100.00%

