--------
Total Statistics
--------
Total Instructions: 108730226355
Total Cycles: 4501086750924
IPC: 0.0241564

--------
Two level Cache hierarchy
--------
  L1-Data Cache:
    Size(KB):          32
    Block Size(B):     32
    Associativity:      4

  L2-Data Cache:
    Size(KB):        1024
    Block Size(B):    256
    Associativity:      8

Latencies:    1   15  250
L1-Sets:  256 - SRRIP - assoc:   4
L2-Sets:  512 - SRRIP - assoc:   8
Store_allocation: Yes
L2_inclusive: Yes

L1 Cache Stats:
L1-Load-Hits:       11062512042   31.82%
L1-Load-Misses:     23702973828   68.18%
L1-Load-Accesses:   34765485870  100.00%

L1-Store-Hits:        2605982295   27.16%
L1-Store-Misses:      6988630874   72.84%
L1-Store-Accesses:    9594613169  100.00%

L1-Total-Hits:       13668494337   30.81%
L1-Total-Misses:     30691604702   69.19%
L1-Total-Accesses:   44360099039  100.00%

L2 Cache Stats:
L2-Load-Hits:       11554158947   48.75%
L2-Load-Misses:     12148814881   51.25%
L2-Load-Accesses:   23702973828  100.00%

L2-Store-Hits:        3586956335   51.33%
L2-Store-Misses:      3401674539   48.67%
L2-Store-Accesses:    6988630874  100.00%

L2-Total-Hits:       15141115282   49.33%
L2-Total-Misses:     15550489420   50.67%
L2-Total-Accesses:   30691604702  100.00%

