--------
Total Statistics
--------
Total Instructions: 108730226403
Total Cycles: 3069098561081
IPC: 0.0354274

--------
Two level Cache hierarchy
--------
  L1-Data Cache:
    Size(KB):          32
    Block Size(B):     32
    Associativity:      4

  L2-Data Cache:
    Size(KB):        2048
    Block Size(B):    256
    Associativity:     16

Latencies:    1   15  250
L1-Sets:  256 - SRRIP - assoc:   4
L2-Sets:  512 - SRRIP - assoc:  16
Store_allocation: Yes
L2_inclusive: Yes

L1 Cache Stats:
L1-Load-Hits:       11101899699   31.93%
L1-Load-Misses:     23663586180   68.07%
L1-Load-Accesses:   34765485879  100.00%

L1-Store-Hits:        2627415657   27.38%
L1-Store-Misses:      6967197512   72.62%
L1-Store-Accesses:    9594613169  100.00%

L1-Total-Hits:       13729315356   30.95%
L1-Total-Misses:     30630783692   69.05%
L1-Total-Accesses:   44360099048  100.00%

L2 Cache Stats:
L2-Load-Hits:       15953146575   67.42%
L2-Load-Misses:      7710439605   32.58%
L2-Load-Accesses:   23663586180  100.00%

L2-Store-Hits:        4851451196   69.63%
L2-Store-Misses:      2115746316   30.37%
L2-Store-Accesses:    6967197512  100.00%

L2-Total-Hits:       20804597771   67.92%
L2-Total-Misses:      9826185921   32.08%
L2-Total-Accesses:   30630783692  100.00%

