--------
Total Statistics
--------
Total Instructions: 18199710897
Total Cycles: 206004356141
IPC: 0.0883462

--------
Two level Cache hierarchy
--------
  L1-Data Cache:
    Size(KB):          32
    Block Size(B):     32
    Associativity:      4

  L2-Data Cache:
    Size(KB):        2048
    Block Size(B):    256
    Associativity:     16

Latencies:    1   15  250
L1-Sets:  256 - RANDOM - assoc:   4
L2-Sets:  512 - RANDOM - assoc:  16
Store_allocation: Yes
L2_inclusive: Yes

L1 Cache Stats:
L1-Load-Hits:        2991019370   47.08%
L1-Load-Misses:      3361963372   52.92%
L1-Load-Accesses:    6352982742  100.00%

L1-Store-Hits:        1773811172   94.31%
L1-Store-Misses:       106987000    5.69%
L1-Store-Accesses:    1880798172  100.00%

L1-Total-Hits:        4764830542   57.87%
L1-Total-Misses:      3468950372   42.13%
L1-Total-Accesses:    8233780914  100.00%

L2 Cache Stats:
L2-Load-Hits:        2861190022   85.10%
L2-Load-Misses:       500773350   14.90%
L2-Load-Accesses:    3361963372  100.00%

L2-Store-Hits:          97613915   91.24%
L2-Store-Misses:         9373085    8.76%
L2-Store-Accesses:     106987000  100.00%

L2-Total-Hits:        2958803937   85.29%
L2-Total-Misses:       510146435   14.71%
L2-Total-Accesses:    3468950372  100.00%

