--------
Total Statistics
--------
Total Instructions: 18199710897
Total Cycles: 341706663016
IPC: 0.0532612

--------
Two level Cache hierarchy
--------
  L1-Data Cache:
    Size(KB):          32
    Block Size(B):     32
    Associativity:      4

  L2-Data Cache:
    Size(KB):         512
    Block Size(B):    256
    Associativity:      8

Latencies:    1   15  250
L1-Sets:  256 - RANDOM - assoc:   4
L2-Sets:  256 - RANDOM - assoc:   8
Store_allocation: Yes
L2_inclusive: Yes

L1 Cache Stats:
L1-Load-Hits:        2995570481   47.15%
L1-Load-Misses:      3357412261   52.85%
L1-Load-Accesses:    6352982742  100.00%

L1-Store-Hits:        1775208936   94.39%
L1-Store-Misses:       105589236    5.61%
L1-Store-Accesses:    1880798172  100.00%

L1-Total-Hits:        4770779417   57.94%
L1-Total-Misses:      3463001497   42.06%
L1-Total-Accesses:    8233780914  100.00%

L2 Cache Stats:
L2-Load-Hits:        2316940503   69.01%
L2-Load-Misses:      1040471758   30.99%
L2-Load-Accesses:    3357412261  100.00%

L2-Store-Hits:          92748399   87.84%
L2-Store-Misses:        12840837   12.16%
L2-Store-Accesses:     105589236  100.00%

L2-Total-Hits:        2409688902   69.58%
L2-Total-Misses:      1053312595   30.42%
L2-Total-Accesses:    3463001497  100.00%

