--------
Total Statistics
--------
Total Instructions: 18199710897
Total Cycles: 277869177531
IPC: 0.0654974

--------
Two level Cache hierarchy
--------
  L1-Data Cache:
    Size(KB):          32
    Block Size(B):     32
    Associativity:      4

  L2-Data Cache:
    Size(KB):        1024
    Block Size(B):    256
    Associativity:     16

Latencies:    1   15  250
L1-Sets:  256 - RANDOM - assoc:   4
L2-Sets:  256 - RANDOM - assoc:  16
Store_allocation: Yes
L2_inclusive: Yes

L1 Cache Stats:
L1-Load-Hits:        2994752738   47.14%
L1-Load-Misses:      3358230004   52.86%
L1-Load-Accesses:    6352982742  100.00%

L1-Store-Hits:        1774641928   94.36%
L1-Store-Misses:       106156244    5.64%
L1-Store-Accesses:    1880798172  100.00%

L1-Total-Hits:        4769394666   57.92%
L1-Total-Misses:      3464386248   42.08%
L1-Total-Accesses:    8233780914  100.00%

L2 Cache Stats:
L2-Load-Hits:        2570628099   76.55%
L2-Load-Misses:       787601905   23.45%
L2-Load-Accesses:    3358230004  100.00%

L2-Store-Hits:          95878581   90.32%
L2-Store-Misses:        10277663    9.68%
L2-Store-Accesses:     106156244  100.00%

L2-Total-Hits:        2666506680   76.97%
L2-Total-Misses:       797879568   23.03%
L2-Total-Accesses:    3464386248  100.00%

