--------
Total Statistics
--------
Total Instructions: 108730226355
Total Cycles: 656154156719
IPC: 0.165708

--------
Two level Cache hierarchy
--------
  L1-Data Cache:
    Size(KB):          32
    Block Size(B):     32
    Associativity:      4

  L2-Data Cache:
    Size(KB):         512
    Block Size(B):    128
    Associativity:      4

Latencies:    1   15  250
L1-Sets:  256 - LRU - assoc:   4
L2-Sets: 1024 - LRU - assoc:   4
Store_allocation: Yes
L2_inclusive: Yes

L1 Cache Stats:
L1-Load-Hits:       28463440167   81.87%
L1-Load-Misses:      6302045703   18.13%
L1-Load-Accesses:   34765485870  100.00%

L1-Store-Hits:        9518837217   99.21%
L1-Store-Misses:        75775952    0.79%
L1-Store-Accesses:    9594613169  100.00%

L1-Total-Hits:       37982277384   85.62%
L1-Total-Misses:      6377821655   14.38%
L1-Total-Accesses:   44360099039  100.00%

L2 Cache Stats:
L2-Load-Hits:        4690606033   74.43%
L2-Load-Misses:      1611439670   25.57%
L2-Load-Accesses:    6302045703  100.00%

L2-Store-Hits:          57629596   76.05%
L2-Store-Misses:        18146356   23.95%
L2-Store-Accesses:      75775952  100.00%

L2-Total-Hits:        4748235629   74.45%
L2-Total-Misses:      1629586026   25.55%
L2-Total-Accesses:    6377821655  100.00%

