--------
Total Statistics
--------
Total Instructions: 108730226355
Total Cycles: 954212315089
IPC: 0.113948

--------
Two level Cache hierarchy
--------
  L1-Data Cache:
    Size(KB):          32
    Block Size(B):     32
    Associativity:      4

  L2-Data Cache:
    Size(KB):         256
    Block Size(B):     64
    Associativity:      4

Latencies:    1   15  250
L1-Sets:  256 - LRU - assoc:   4
L2-Sets: 1024 - LRU - assoc:   4
Store_allocation: Yes
L2_inclusive: Yes

L1 Cache Stats:
L1-Load-Hits:       28466033242   81.88%
L1-Load-Misses:      6299452628   18.12%
L1-Load-Accesses:   34765485870  100.00%

L1-Store-Hits:        9518880484   99.21%
L1-Store-Misses:        75732685    0.79%
L1-Store-Accesses:    9594613169  100.00%

L1-Total-Hits:       37984913726   85.63%
L1-Total-Misses:      6375185313   14.37%
L1-Total-Accesses:   44360099039  100.00%

L2 Cache Stats:
L2-Load-Hits:        3514473554   55.79%
L2-Load-Misses:      2784979074   44.21%
L2-Load-Accesses:    6299452628  100.00%

L2-Store-Hits:          38734919   51.15%
L2-Store-Misses:        36997766   48.85%
L2-Store-Accesses:      75732685  100.00%

L2-Total-Hits:        3553208473   55.73%
L2-Total-Misses:      2821976840   44.27%
L2-Total-Accesses:    6375185313  100.00%

