--------
Total Statistics
--------
Total Instructions: 108730226355
Total Cycles: 928103617214
IPC: 0.117153

--------
Two level Cache hierarchy
--------
  L1-Data Cache:
    Size(KB):          32
    Block Size(B):     32
    Associativity:      4

  L2-Data Cache:
    Size(KB):         256
    Block Size(B):     64
    Associativity:      8

Latencies:    1   15  250
L1-Sets:  256 - LRU - assoc:   4
L2-Sets:  512 - LRU - assoc:   8
Store_allocation: Yes
L2_inclusive: Yes

L1 Cache Stats:
L1-Load-Hits:       28464131066   81.87%
L1-Load-Misses:      6301354804   18.13%
L1-Load-Accesses:   34765485870  100.00%

L1-Store-Hits:        9518862185   99.21%
L1-Store-Misses:        75750984    0.79%
L1-Store-Accesses:    9594613169  100.00%

L1-Total-Hits:       37982993251   85.62%
L1-Total-Misses:      6377105788   14.38%
L1-Total-Accesses:   44360099039  100.00%

L2 Cache Stats:
L2-Load-Hits:        3621316237   57.47%
L2-Load-Misses:      2680038567   42.53%
L2-Load-Accesses:    6301354804  100.00%

L2-Store-Hits:          38362731   50.64%
L2-Store-Misses:        37388253   49.36%
L2-Store-Accesses:      75750984  100.00%

L2-Total-Hits:        3659678968   57.39%
L2-Total-Misses:      2717426820   42.61%
L2-Total-Accesses:    6377105788  100.00%

