--------
Total Statistics
--------
Total Instructions: 108730226547
Total Cycles: 481789486392
IPC: 0.22568

--------
Two level Cache hierarchy
--------
  L1-Data Cache:
    Size(KB):          32
    Block Size(B):     32
    Associativity:      4

  L2-Data Cache:
    Size(KB):        1024
    Block Size(B):    256
    Associativity:      8

Latencies:    1   15  250
L1-Sets:  256 - LRU - assoc:   4
L2-Sets:  512 - LRU - assoc:   8
Store_allocation: Yes
L2_inclusive: Yes

L1 Cache Stats:
L1-Load-Hits:       28469489636   81.89%
L1-Load-Misses:      6295996234   18.11%
L1-Load-Accesses:   34765485870  100.00%

L1-Store-Hits:        9518896385   99.21%
L1-Store-Misses:        75716880    0.79%
L1-Store-Accesses:    9594613265  100.00%

L1-Total-Hits:       37988386021   85.64%
L1-Total-Misses:      6371713114   14.36%
L1-Total-Accesses:   44360099135  100.00%

L2 Cache Stats:
L2-Load-Hits:        5370094457   85.29%
L2-Load-Misses:       925901777   14.71%
L2-Load-Accesses:    6295996234  100.00%

L2-Store-Hits:          69124801   91.29%
L2-Store-Misses:         6592079    8.71%
L2-Store-Accesses:      75716880  100.00%

L2-Total-Hits:        5439219258   85.37%
L2-Total-Misses:       932493856   14.63%
L2-Total-Accesses:    6371713114  100.00%

