--------
Total Statistics
--------
Total Instructions: 108730226355
Total Cycles: 624152743459
IPC: 0.174205

--------
Two level Cache hierarchy
--------
  L1-Data Cache:
    Size(KB):          32
    Block Size(B):     32
    Associativity:      4

  L2-Data Cache:
    Size(KB):        1024
    Block Size(B):    128
    Associativity:     16

Latencies:    1   15  250
L1-Sets:  256 - LRU - assoc:   4
L2-Sets:  512 - LRU - assoc:  16
Store_allocation: Yes
L2_inclusive: Yes

L1 Cache Stats:
L1-Load-Hits:       28466676137   81.88%
L1-Load-Misses:      6298809733   18.12%
L1-Load-Accesses:   34765485870  100.00%

L1-Store-Hits:        9518864781   99.21%
L1-Store-Misses:        75748388    0.79%
L1-Store-Accesses:    9594613169  100.00%

L1-Total-Hits:       37985540918   85.63%
L1-Total-Misses:      6374558121   14.37%
L1-Total-Accesses:   44360099039  100.00%

L2 Cache Stats:
L2-Load-Hits:        4809670294   76.36%
L2-Load-Misses:      1489139439   23.64%
L2-Load-Accesses:    6298809733  100.00%

L2-Store-Hits:          63111642   83.32%
L2-Store-Misses:        12636746   16.68%
L2-Store-Accesses:      75748388  100.00%

L2-Total-Hits:        4872781936   76.44%
L2-Total-Misses:      1501776185   23.56%
L2-Total-Accesses:    6374558121  100.00%

