--------
Total Statistics
--------
Total Instructions: 108730226355
Total Cycles: 902869996994
IPC: 0.120427

--------
Two level Cache hierarchy
--------
  L1-Data Cache:
    Size(KB):          32
    Block Size(B):     32
    Associativity:      4

  L2-Data Cache:
    Size(KB):        1024
    Block Size(B):     64
    Associativity:      8

Latencies:    1   15  250
L1-Sets:  256 - LRU - assoc:   4
L2-Sets: 2048 - LRU - assoc:   8
Store_allocation: Yes
L2_inclusive: Yes

L1 Cache Stats:
L1-Load-Hits:       28469921255   81.89%
L1-Load-Misses:      6295564615   18.11%
L1-Load-Accesses:   34765485870  100.00%

L1-Store-Hits:        9518706894   99.21%
L1-Store-Misses:        75906275    0.79%
L1-Store-Accesses:    9594613169  100.00%

L1-Total-Hits:       37988628149   85.64%
L1-Total-Misses:      6371470890   14.36%
L1-Total-Accesses:   44360099039  100.00%

L2 Cache Stats:
L2-Load-Hits:        3702580614   58.81%
L2-Load-Misses:      2592984001   41.19%
L2-Load-Accesses:    6295564615  100.00%

L2-Store-Hits:          52059843   68.58%
L2-Store-Misses:        23846432   31.42%
L2-Store-Accesses:      75906275  100.00%

L2-Total-Hits:        3754640457   58.93%
L2-Total-Misses:      2616830433   41.07%
L2-Total-Accesses:    6371470890  100.00%

