--------
Total Statistics
--------
Total Instructions: 108730226355
Total Cycles: 916271979874
IPC: 0.118666

--------
Two level Cache hierarchy
--------
  L1-Data Cache:
    Size(KB):          32
    Block Size(B):     32
    Associativity:      4

  L2-Data Cache:
    Size(KB):         512
    Block Size(B):     64
    Associativity:      4

Latencies:    1   15  250
L1-Sets:  256 - LRU - assoc:   4
L2-Sets: 2048 - LRU - assoc:   4
Store_allocation: Yes
L2_inclusive: Yes

L1 Cache Stats:
L1-Load-Hits:       28467945018   81.89%
L1-Load-Misses:      6297540852   18.11%
L1-Load-Accesses:   34765485870  100.00%

L1-Store-Hits:        9518899439   99.21%
L1-Store-Misses:        75713730    0.79%
L1-Store-Accesses:    9594613169  100.00%

L1-Total-Hits:       37986844457   85.63%
L1-Total-Misses:      6373254582   14.37%
L1-Total-Accesses:   44360099039  100.00%

L2 Cache Stats:
L2-Load-Hits:        3662773684   58.16%
L2-Load-Misses:      2634767168   41.84%
L2-Load-Accesses:    6297540852  100.00%

L2-Store-Hits:          40149555   53.03%
L2-Store-Misses:        35564175   46.97%
L2-Store-Accesses:      75713730  100.00%

L2-Total-Hits:        3702923239   58.10%
L2-Total-Misses:      2670331343   41.90%
L2-Total-Accesses:    6373254582  100.00%

