--------
Total Statistics
--------
Total Instructions: 108730226355
Total Cycles: 740922154959
IPC: 0.14675

--------
Two level Cache hierarchy
--------
  L1-Data Cache:
    Size(KB):          32
    Block Size(B):     32
    Associativity:      4

  L2-Data Cache:
    Size(KB):         256
    Block Size(B):    128
    Associativity:      8

Latencies:    1   15  250
L1-Sets:  256 - LRU - assoc:   4
L2-Sets:  256 - LRU - assoc:   8
Store_allocation: Yes
L2_inclusive: Yes

L1 Cache Stats:
L1-Load-Hits:       28461317568   81.87%
L1-Load-Misses:      6304168302   18.13%
L1-Load-Accesses:   34765485870  100.00%

L1-Store-Hits:        9518873650   99.21%
L1-Store-Misses:        75739519    0.79%
L1-Store-Accesses:    9594613169  100.00%

L1-Total-Hits:       37980191218   85.62%
L1-Total-Misses:      6379907821   14.38%
L1-Total-Accesses:   44360099039  100.00%

L2 Cache Stats:
L2-Load-Hits:        4354718942   69.08%
L2-Load-Misses:      1949449360   30.92%
L2-Load-Accesses:    6304168302  100.00%

L2-Store-Hits:          56656030   74.80%
L2-Store-Misses:        19083489   25.20%
L2-Store-Accesses:      75739519  100.00%

L2-Total-Hits:        4411374972   69.14%
L2-Total-Misses:      1968532849   30.86%
L2-Total-Accesses:    6379907821  100.00%

