--------
Total Statistics
--------
Total Instructions: 108730226547
Total Cycles: 472634371427
IPC: 0.230051

--------
Two level Cache hierarchy
--------
  L1-Data Cache:
    Size(KB):          32
    Block Size(B):     32
    Associativity:      4

  L2-Data Cache:
    Size(KB):        2048
    Block Size(B):    256
    Associativity:     16

Latencies:    1   15  250
L1-Sets:  256 - LRU - assoc:   4
L2-Sets:  512 - LRU - assoc:  16
Store_allocation: Yes
L2_inclusive: Yes

L1 Cache Stats:
L1-Load-Hits:       28469232602   81.89%
L1-Load-Misses:      6296253268   18.11%
L1-Load-Accesses:   34765485870  100.00%

L1-Store-Hits:        9518858350   99.21%
L1-Store-Misses:        75754915    0.79%
L1-Store-Accesses:    9594613265  100.00%

L1-Total-Hits:       37988090952   85.64%
L1-Total-Misses:      6372008183   14.36%
L1-Total-Accesses:   44360099135  100.00%

L2 Cache Stats:
L2-Load-Hits:        5406204246   85.86%
L2-Load-Misses:       890049022   14.14%
L2-Load-Accesses:    6296253268  100.00%

L2-Store-Hits:          69948245   92.33%
L2-Store-Misses:         5806670    7.67%
L2-Store-Accesses:      75754915  100.00%

L2-Total-Hits:        5476152491   85.94%
L2-Total-Misses:       895855692   14.06%
L2-Total-Accesses:    6372008183  100.00%

