--------
Total Statistics
--------
Total Instructions: 108730226547
Total Cycles: 889405544217
IPC: 0.12225

--------
Two level Cache hierarchy
--------
  L1-Data Cache:
    Size(KB):          32
    Block Size(B):     32
    Associativity:      4

  L2-Data Cache:
    Size(KB):        2048
    Block Size(B):     64
    Associativity:     16

Latencies:    1   15  250
L1-Sets:  256 - LRU - assoc:   4
L2-Sets: 2048 - LRU - assoc:  16
Store_allocation: Yes
L2_inclusive: Yes

L1 Cache Stats:
L1-Load-Hits:       28469277111   81.89%
L1-Load-Misses:      6296208759   18.11%
L1-Load-Accesses:   34765485870  100.00%

L1-Store-Hits:        9518857205   99.21%
L1-Store-Misses:        75756060    0.79%
L1-Store-Accesses:    9594613265  100.00%

L1-Total-Hits:       37988134316   85.64%
L1-Total-Misses:      6371964819   14.36%
L1-Total-Accesses:   44360099135  100.00%

L2 Cache Stats:
L2-Load-Hits:        3753054804   59.61%
L2-Load-Misses:      2543153955   40.39%
L2-Load-Accesses:    6296208759  100.00%

L2-Store-Hits:          55967030   73.88%
L2-Store-Misses:        19789030   26.12%
L2-Store-Accesses:      75756060  100.00%

L2-Total-Hits:        3809021834   59.78%
L2-Total-Misses:      2562942985   40.22%
L2-Total-Accesses:    6371964819  100.00%

