--------
Total Statistics
--------
Total Instructions: 108730226547
Total Cycles: 748637660527
IPC: 0.145237

--------
Two level Cache hierarchy
--------
  L1-Data Cache:
    Size(KB):          32
    Block Size(B):     32
    Associativity:      4

  L2-Data Cache:
    Size(KB):         256
    Block Size(B):    128
    Associativity:      4

Latencies:    1   15  250
L1-Sets:  256 - LRU - assoc:   4
L2-Sets:  512 - LRU - assoc:   4
Store_allocation: Yes
L2_inclusive: Yes

L1 Cache Stats:
L1-Load-Hits:       28461157528   81.87%
L1-Load-Misses:      6304328342   18.13%
L1-Load-Accesses:   34765485870  100.00%

L1-Store-Hits:        9518812984   99.21%
L1-Store-Misses:        75800281    0.79%
L1-Store-Accesses:    9594613265  100.00%

L1-Total-Hits:       37979970512   85.62%
L1-Total-Misses:      6380128623   14.38%
L1-Total-Accesses:   44360099135  100.00%

L2 Cache Stats:
L2-Load-Hits:        4323842457   68.59%
L2-Load-Misses:      1980485885   31.41%
L2-Load-Accesses:    6304328342  100.00%

L2-Store-Hits:          56904544   75.07%
L2-Store-Misses:        18895737   24.93%
L2-Store-Accesses:      75800281  100.00%

L2-Total-Hits:        4380747001   68.66%
L2-Total-Misses:      1999381622   31.34%
L2-Total-Accesses:    6380128623  100.00%

