--------
Total Statistics
--------
Total Instructions: 108730226355
Total Cycles: 660159364774
IPC: 0.164703

--------
Two level Cache hierarchy
--------
  L1-Data Cache:
    Size(KB):          32
    Block Size(B):     32
    Associativity:      4

  L2-Data Cache:
    Size(KB):         256
    Block Size(B):    256
    Associativity:      4

Latencies:    1   15  250
L1-Sets:  256 - LRU - assoc:   4
L2-Sets:  256 - LRU - assoc:   4
Store_allocation: Yes
L2_inclusive: Yes

L1 Cache Stats:
L1-Load-Hits:       28451677415   81.84%
L1-Load-Misses:      6313808455   18.16%
L1-Load-Accesses:   34765485870  100.00%

L1-Store-Hits:        9518833482   99.21%
L1-Store-Misses:        75779687    0.79%
L1-Store-Accesses:    9594613169  100.00%

L1-Total-Hits:       37970510897   85.60%
L1-Total-Misses:      6389588142   14.40%
L1-Total-Accesses:   44360099039  100.00%

L2 Cache Stats:
L2-Load-Hits:        4678675643   74.10%
L2-Load-Misses:      1635132812   25.90%
L2-Load-Accesses:    6313808455  100.00%

L2-Store-Hits:          66011630   87.11%
L2-Store-Misses:         9768057   12.89%
L2-Store-Accesses:      75779687  100.00%

L2-Total-Hits:        4744687273   74.26%
L2-Total-Misses:      1644900869   25.74%
L2-Total-Accesses:    6389588142  100.00%

