--------
Total Statistics
--------
Total Instructions: 108730226355
Total Cycles: 573596247714
IPC: 0.189559

--------
Two level Cache hierarchy
--------
  L1-Data Cache:
    Size(KB):          32
    Block Size(B):     32
    Associativity:      4

  L2-Data Cache:
    Size(KB):         512
    Block Size(B):    256
    Associativity:      8

Latencies:    1   15  250
L1-Sets:  256 - LRU - assoc:   4
L2-Sets:  256 - LRU - assoc:   8
Store_allocation: Yes
L2_inclusive: Yes

L1 Cache Stats:
L1-Load-Hits:       28460167899   81.86%
L1-Load-Misses:      6305317971   18.14%
L1-Load-Accesses:   34765485870  100.00%

L1-Store-Hits:        9518864002   99.21%
L1-Store-Misses:        75749167    0.79%
L1-Store-Accesses:    9594613169  100.00%

L1-Total-Hits:       37979031901   85.62%
L1-Total-Misses:      6381067138   14.38%
L1-Total-Accesses:   44360099039  100.00%

L2 Cache Stats:
L2-Load-Hits:        5015551508   79.54%
L2-Load-Misses:      1289766463   20.46%
L2-Load-Accesses:    6305317971  100.00%

L2-Store-Hits:          66355969   87.60%
L2-Store-Misses:         9393198   12.40%
L2-Store-Accesses:      75749167  100.00%

L2-Total-Hits:        5081907477   79.64%
L2-Total-Misses:      1299159661   20.36%
L2-Total-Accesses:    6381067138  100.00%

