--------
Total Statistics
--------
Total Instructions: 108730226259
Total Cycles: 910071590480
IPC: 0.119474

--------
Two level Cache hierarchy
--------
  L1-Data Cache:
    Size(KB):          32
    Block Size(B):     32
    Associativity:      4

  L2-Data Cache:
    Size(KB):         512
    Block Size(B):     64
    Associativity:      8

Latencies:    1   15  250
L1-Sets:  256 - LRU - assoc:   4
L2-Sets: 1024 - LRU - assoc:   8
Store_allocation: Yes
L2_inclusive: Yes

L1 Cache Stats:
L1-Load-Hits:       28466055407   81.88%
L1-Load-Misses:      6299430463   18.12%
L1-Load-Accesses:   34765485870  100.00%

L1-Store-Hits:        9518843902   99.21%
L1-Store-Misses:        75769219    0.79%
L1-Store-Accesses:    9594613121  100.00%

L1-Total-Hits:       37984899309   85.63%
L1-Total-Misses:      6375199682   14.37%
L1-Total-Accesses:   44360098991  100.00%

L2 Cache Stats:
L2-Load-Hits:        3689615986   58.57%
L2-Load-Misses:      2609814477   41.43%
L2-Load-Accesses:    6299430463  100.00%

L2-Store-Hits:          40170616   53.02%
L2-Store-Misses:        35598603   46.98%
L2-Store-Accesses:      75769219  100.00%

L2-Total-Hits:        3729786602   58.50%
L2-Total-Misses:      2645413080   41.50%
L2-Total-Accesses:    6375199682  100.00%

