--------
Total Statistics
--------
Total Instructions: 108730226355
Total Cycles: 475143673944
IPC: 0.228837

--------
Two level Cache hierarchy
--------
  L1-Data Cache:
    Size(KB):          32
    Block Size(B):     32
    Associativity:      4

  L2-Data Cache:
    Size(KB):        1024
    Block Size(B):    256
    Associativity:     16

Latencies:    1   15  250
L1-Sets:  256 - LRU - assoc:   4
L2-Sets:  256 - LRU - assoc:  16
Store_allocation: Yes
L2_inclusive: Yes

L1 Cache Stats:
L1-Load-Hits:       28469943979   81.89%
L1-Load-Misses:      6295541909   18.11%
L1-Load-Accesses:   34765485888  100.00%

L1-Store-Hits:        9518905308   99.21%
L1-Store-Misses:        75707813    0.79%
L1-Store-Accesses:    9594613121  100.00%

L1-Total-Hits:       37988849287   85.64%
L1-Total-Misses:      6371249722   14.36%
L1-Total-Accesses:   44360099009  100.00%

L2 Cache Stats:
L2-Load-Hits:        5396414614   85.72%
L2-Load-Misses:       899127295   14.28%
L2-Load-Accesses:    6295541909  100.00%

L2-Store-Hits:          68896697   91.00%
L2-Store-Misses:         6811116    9.00%
L2-Store-Accesses:      75707813  100.00%

L2-Total-Hits:        5465311311   85.78%
L2-Total-Misses:       905938411   14.22%
L2-Total-Accesses:    6371249722  100.00%

