--------
Total Statistics
--------
Total Instructions: 108730226563
Total Cycles: 619503566066
IPC: 0.175512

--------
Two level Cache hierarchy
--------
  L1-Data Cache:
    Size(KB):          32
    Block Size(B):     32
    Associativity:      4

  L2-Data Cache:
    Size(KB):        2048
    Block Size(B):    128
    Associativity:     16

Latencies:    1   15  250
L1-Sets:  256 - LRU - assoc:   4
L2-Sets: 1024 - LRU - assoc:  16
Store_allocation: Yes
L2_inclusive: Yes

L1 Cache Stats:
L1-Load-Hits:       28467913598   81.89%
L1-Load-Misses:      6297572275   18.11%
L1-Load-Accesses:   34765485873  100.00%

L1-Store-Hits:        9518837499   99.21%
L1-Store-Misses:        75775766    0.79%
L1-Store-Accesses:    9594613265  100.00%

L1-Total-Hits:       37986751097   85.63%
L1-Total-Misses:      6373348041   14.37%
L1-Total-Accesses:   44360099138  100.00%

L2 Cache Stats:
L2-Load-Hits:        4825161828   76.62%
L2-Load-Misses:      1472410447   23.38%
L2-Load-Accesses:    6297572275  100.00%

L2-Store-Hits:          64934134   85.69%
L2-Store-Misses:        10841632   14.31%
L2-Store-Accesses:      75775766  100.00%

L2-Total-Hits:        4890095962   76.73%
L2-Total-Misses:      1483252079   23.27%
L2-Total-Accesses:    6373348041  100.00%

