--------
Total Statistics
--------
Total Instructions: 108730226355
Total Cycles: 624193460219
IPC: 0.174193

--------
Two level Cache hierarchy
--------
  L1-Data Cache:
    Size(KB):          32
    Block Size(B):     32
    Associativity:      4

  L2-Data Cache:
    Size(KB):        1024
    Block Size(B):    128
    Associativity:      8

Latencies:    1   15  250
L1-Sets:  256 - LRU - assoc:   4
L2-Sets: 1024 - LRU - assoc:   8
Store_allocation: Yes
L2_inclusive: Yes

L1 Cache Stats:
L1-Load-Hits:       28467307997   81.88%
L1-Load-Misses:      6298177873   18.12%
L1-Load-Accesses:   34765485870  100.00%

L1-Store-Hits:        9518868637   99.21%
L1-Store-Misses:        75744532    0.79%
L1-Store-Accesses:    9594613169  100.00%

L1-Total-Hits:       37986176634   85.63%
L1-Total-Misses:      6373922405   14.37%
L1-Total-Accesses:   44360099039  100.00%

L2 Cache Stats:
L2-Load-Hits:        4808767291   76.35%
L2-Load-Misses:      1489410582   23.65%
L2-Load-Accesses:    6298177873  100.00%

L2-Store-Hits:          63177919   83.41%
L2-Store-Misses:        12566613   16.59%
L2-Store-Accesses:      75744532  100.00%

L2-Total-Hits:        4871945210   76.44%
L2-Total-Misses:      1501977195   23.56%
L2-Total-Accesses:    6373922405  100.00%

