--------
Total Statistics
--------
Total Instructions: 108730226355
Total Cycles: 580523709054
IPC: 0.187297

--------
Two level Cache hierarchy
--------
  L1-Data Cache:
    Size(KB):          32
    Block Size(B):     32
    Associativity:      4

  L2-Data Cache:
    Size(KB):         512
    Block Size(B):    256
    Associativity:      4

Latencies:    1   15  250
L1-Sets:  256 - LRU - assoc:   4
L2-Sets:  512 - LRU - assoc:   4
Store_allocation: Yes
L2_inclusive: Yes

L1 Cache Stats:
L1-Load-Hits:       28463603389   81.87%
L1-Load-Misses:      6301882481   18.13%
L1-Load-Accesses:   34765485870  100.00%

L1-Store-Hits:        9518839556   99.21%
L1-Store-Misses:        75773613    0.79%
L1-Store-Accesses:    9594613169  100.00%

L1-Total-Hits:       37982442945   85.62%
L1-Total-Misses:      6377656094   14.38%
L1-Total-Accesses:   44360099039  100.00%

L2 Cache Stats:
L2-Load-Hits:        4984200294   79.09%
L2-Load-Misses:      1317682187   20.91%
L2-Load-Accesses:    6301882481  100.00%

L2-Store-Hits:          66381631   87.61%
L2-Store-Misses:         9391982   12.39%
L2-Store-Accesses:      75773613  100.00%

L2-Total-Hits:        5050581925   79.19%
L2-Total-Misses:      1327074169   20.81%
L2-Total-Accesses:    6377656094  100.00%

