--------
Total Statistics
--------
Total Instructions: 108730226547
Total Cycles: 902978494192
IPC: 0.120413

--------
Two level Cache hierarchy
--------
  L1-Data Cache:
    Size(KB):          32
    Block Size(B):     32
    Associativity:      4

  L2-Data Cache:
    Size(KB):        1024
    Block Size(B):     64
    Associativity:     16

Latencies:    1   15  250
L1-Sets:  256 - LRU - assoc:   4
L2-Sets: 1024 - LRU - assoc:  16
Store_allocation: Yes
L2_inclusive: Yes

L1 Cache Stats:
L1-Load-Hits:       28465413358   81.88%
L1-Load-Misses:      6300072512   18.12%
L1-Load-Accesses:   34765485870  100.00%

L1-Store-Hits:        9518889943   99.21%
L1-Store-Misses:        75723322    0.79%
L1-Store-Accesses:    9594613265  100.00%

L1-Total-Hits:       37984303301   85.63%
L1-Total-Misses:      6375795834   14.37%
L1-Total-Accesses:   44360099135  100.00%

L2 Cache Stats:
L2-Load-Hits:        3707235954   58.84%
L2-Load-Misses:      2592836558   41.16%
L2-Load-Accesses:    6300072512  100.00%

L2-Store-Hits:          51554956   68.08%
L2-Store-Misses:        24168366   31.92%
L2-Store-Accesses:      75723322  100.00%

L2-Total-Hits:        3758790910   58.95%
L2-Total-Misses:      2617004924   41.05%
L2-Total-Accesses:    6375795834  100.00%

