--------
Total Statistics
--------
Total Instructions: 18199710897
Total Cycles: 238479277131
IPC: 0.0763157

--------
Two level Cache hierarchy
--------
  L1-Data Cache:
    Size(KB):          32
    Block Size(B):     32
    Associativity:      4

  L2-Data Cache:
    Size(KB):        2048
    Block Size(B):    256
    Associativity:     16

Latencies:    1   15  250
L1-Sets:  256 - LIP - assoc:   4
L2-Sets:  512 - LIP - assoc:  16
Store_allocation: Yes
L2_inclusive: Yes

L1 Cache Stats:
L1-Load-Hits:        3194125925   50.28%
L1-Load-Misses:      3158856817   49.72%
L1-Load-Accesses:    6352982742  100.00%

L1-Store-Hits:        1788955201   95.12%
L1-Store-Misses:        91842971    4.88%
L1-Store-Accesses:    1880798172  100.00%

L1-Total-Hits:        4983081126   60.52%
L1-Total-Misses:      3250699788   39.48%
L1-Total-Accesses:    8233780914  100.00%

L2 Cache Stats:
L2-Load-Hits:        2515833691   79.64%
L2-Load-Misses:       643023126   20.36%
L2-Load-Accesses:    3158856817  100.00%

L2-Store-Hits:          81724943   88.98%
L2-Store-Misses:        10118028   11.02%
L2-Store-Accesses:      91842971  100.00%

L2-Total-Hits:        2597558634   79.91%
L2-Total-Misses:       653141154   20.09%
L2-Total-Accesses:    3250699788  100.00%

