--------
Total Statistics
--------
Total Instructions: 18199710897
Total Cycles: 277923931951
IPC: 0.0654845

--------
Two level Cache hierarchy
--------
  L1-Data Cache:
    Size(KB):          32
    Block Size(B):     32
    Associativity:      4

  L2-Data Cache:
    Size(KB):        1024
    Block Size(B):    256
    Associativity:      8

Latencies:    1   15  250
L1-Sets:  256 - LIP - assoc:   4
L2-Sets:  512 - LIP - assoc:   8
Store_allocation: Yes
L2_inclusive: Yes

L1 Cache Stats:
L1-Load-Hits:        3192136036   50.25%
L1-Load-Misses:      3160846706   49.75%
L1-Load-Accesses:    6352982742  100.00%

L1-Store-Hits:        1789071552   95.12%
L1-Store-Misses:        91726620    4.88%
L1-Store-Accesses:    1880798172  100.00%

L1-Total-Hits:        4981207588   60.50%
L1-Total-Misses:      3252573326   39.50%
L1-Total-Accesses:    8233780914  100.00%

L2 Cache Stats:
L2-Load-Hits:        2361325176   74.71%
L2-Load-Misses:       799521530   25.29%
L2-Load-Accesses:    3160846706  100.00%

L2-Store-Hits:          80440789   87.70%
L2-Store-Misses:        11285831   12.30%
L2-Store-Accesses:      91726620  100.00%

L2-Total-Hits:        2441765965   75.07%
L2-Total-Misses:       810807361   24.93%
L2-Total-Accesses:    3252573326  100.00%

