--------
Total Statistics
--------
Total Instructions: 18199710883
Total Cycles: 472596472661
IPC: 0.03851

--------
Two level Cache hierarchy
--------
  L1-Data Cache:
    Size(KB):          32
    Block Size(B):     32
    Associativity:      4

  L2-Data Cache:
    Size(KB):         256
    Block Size(B):    128
    Associativity:      8

Latencies:    1   15  250
L1-Sets:  256 - LRU - assoc:   4
L2-Sets:  256 - LRU - assoc:   8
Store_allocation: Yes
L2_inclusive: Yes

L1 Cache Stats:
L1-Load-Hits:        3247715281   51.12%
L1-Load-Misses:      3105267460   48.88%
L1-Load-Accesses:    6352982741  100.00%

L1-Store-Hits:        1809177091   96.19%
L1-Store-Misses:        71621081    3.81%
L1-Store-Accesses:    1880798172  100.00%

L1-Total-Hits:        5056892372   61.42%
L1-Total-Misses:      3176888541   38.58%
L1-Total-Accesses:    8233780913  100.00%

L2 Cache Stats:
L2-Load-Hits:        1529126562   49.24%
L2-Load-Misses:      1576140898   50.76%
L2-Load-Accesses:    3105267460  100.00%

L2-Store-Hits:          53723368   75.01%
L2-Store-Misses:        17897713   24.99%
L2-Store-Accesses:      71621081  100.00%

L2-Total-Hits:        1582849930   49.82%
L2-Total-Misses:      1594038611   50.18%
L2-Total-Accesses:    3176888541  100.00%

