--------
Total Statistics
--------
Total Instructions: 18199710883
Total Cycles: 359816501966
IPC: 0.0505805

--------
Two level Cache hierarchy
--------
  L1-Data Cache:
    Size(KB):          32
    Block Size(B):     32
    Associativity:      4

  L2-Data Cache:
    Size(KB):         256
    Block Size(B):    256
    Associativity:      4

Latencies:    1   15  250
L1-Sets:  256 - LRU - assoc:   4
L2-Sets:  256 - LRU - assoc:   4
Store_allocation: Yes
L2_inclusive: Yes

L1 Cache Stats:
L1-Load-Hits:        3225157381   50.77%
L1-Load-Misses:      3127825360   49.23%
L1-Load-Accesses:    6352982741  100.00%

L1-Store-Hits:        1807379304   96.10%
L1-Store-Misses:        73418868    3.90%
L1-Store-Accesses:    1880798172  100.00%

L1-Total-Hits:        5032536685   61.12%
L1-Total-Misses:      3201244228   38.88%
L1-Total-Accesses:    8233780913  100.00%

L2 Cache Stats:
L2-Load-Hits:        1997841692   63.87%
L2-Load-Misses:      1129983668   36.13%
L2-Load-Accesses:    3127825360  100.00%

L2-Store-Hits:          61945149   84.37%
L2-Store-Misses:        11473719   15.63%
L2-Store-Accesses:      73418868  100.00%

L2-Total-Hits:        2059786841   64.34%
L2-Total-Misses:      1141457387   35.66%
L2-Total-Accesses:    3201244228  100.00%

