--------
Total Statistics
--------
Total Instructions: 18199710883
Total Cycles: 222308137251
IPC: 0.081867

--------
Two level Cache hierarchy
--------
  L1-Data Cache:
    Size(KB):          32
    Block Size(B):     32
    Associativity:      4

  L2-Data Cache:
    Size(KB):        2048
    Block Size(B):    256
    Associativity:     16

Latencies:    1   15  250
L1-Sets:  256 - LRU - assoc:   4
L2-Sets:  512 - LRU - assoc:  16
Store_allocation: Yes
L2_inclusive: Yes

L1 Cache Stats:
L1-Load-Hits:        3250087655   51.16%
L1-Load-Misses:      3102895086   48.84%
L1-Load-Accesses:    6352982741  100.00%

L1-Store-Hits:        1809157011   96.19%
L1-Store-Misses:        71641161    3.81%
L1-Store-Accesses:    1880798172  100.00%

L1-Total-Hits:        5059244666   61.44%
L1-Total-Misses:      3174536247   38.56%
L1-Total-Accesses:    8233780913  100.00%

L2 Cache Stats:
L2-Load-Hits:        2518195425   81.16%
L2-Load-Misses:       584699661   18.84%
L2-Load-Accesses:    3102895086  100.00%

L2-Store-Hits:          63314415   88.38%
L2-Store-Misses:         8326746   11.62%
L2-Store-Accesses:      71641161  100.00%

L2-Total-Hits:        2581509840   81.32%
L2-Total-Misses:       593026407   18.68%
L2-Total-Accesses:    3174536247  100.00%

