--------
Total Statistics
--------
Total Instructions: 18199710883
Total Cycles: 639875094391
IPC: 0.0284426

--------
Two level Cache hierarchy
--------
  L1-Data Cache:
    Size(KB):          32
    Block Size(B):     32
    Associativity:      4

  L2-Data Cache:
    Size(KB):         256
    Block Size(B):     64
    Associativity:      4

Latencies:    1   15  250
L1-Sets:  256 - LRU - assoc:   4
L2-Sets: 1024 - LRU - assoc:   4
Store_allocation: Yes
L2_inclusive: Yes

L1 Cache Stats:
L1-Load-Hits:        3248583935   51.13%
L1-Load-Misses:      3104398806   48.87%
L1-Load-Accesses:    6352982741  100.00%

L1-Store-Hits:        1809130305   96.19%
L1-Store-Misses:        71667867    3.81%
L1-Store-Accesses:    1880798172  100.00%

L1-Total-Hits:        5057714240   61.43%
L1-Total-Misses:      3176066673   38.57%
L1-Total-Accesses:    8233780913  100.00%

L2 Cache Stats:
L2-Load-Hits:         875353146   28.20%
L2-Load-Misses:      2229045660   71.80%
L2-Load-Accesses:    3104398806  100.00%

L2-Store-Hits:          37511117   52.34%
L2-Store-Misses:        34156750   47.66%
L2-Store-Accesses:      71667867  100.00%

L2-Total-Hits:         912864263   28.74%
L2-Total-Misses:      2263202410   71.26%
L2-Total-Accesses:    3176066673  100.00%

