--------
Total Statistics
--------
Total Instructions: 18199710883
Total Cycles: 558648782636
IPC: 0.0325781

--------
Two level Cache hierarchy
--------
  L1-Data Cache:
    Size(KB):          32
    Block Size(B):     32
    Associativity:      4

  L2-Data Cache:
    Size(KB):        1024
    Block Size(B):     64
    Associativity:     16

Latencies:    1   15  250
L1-Sets:  256 - LRU - assoc:   4
L2-Sets: 1024 - LRU - assoc:  16
Store_allocation: Yes
L2_inclusive: Yes

L1 Cache Stats:
L1-Load-Hits:        3250124127   51.16%
L1-Load-Misses:      3102858614   48.84%
L1-Load-Accesses:    6352982741  100.00%

L1-Store-Hits:        1809158430   96.19%
L1-Store-Misses:        71639742    3.81%
L1-Store-Accesses:    1880798172  100.00%

L1-Total-Hits:        5059282557   61.45%
L1-Total-Misses:      3174498356   38.55%
L1-Total-Accesses:    8233780913  100.00%

L2 Cache Stats:
L2-Load-Hits:        1196866623   38.57%
L2-Load-Misses:      1905991991   61.43%
L2-Load-Accesses:    3102858614  100.00%

L2-Store-Hits:          39240471   54.77%
L2-Store-Misses:        32399271   45.23%
L2-Store-Accesses:      71639742  100.00%

L2-Total-Hits:        1236107094   38.94%
L2-Total-Misses:      1938391262   61.06%
L2-Total-Accesses:    3174498356  100.00%

