--------
Total Statistics
--------
Total Instructions: 18199710883
Total Cycles: 406844044851
IPC: 0.0447339

--------
Two level Cache hierarchy
--------
  L1-Data Cache:
    Size(KB):          32
    Block Size(B):     32
    Associativity:      4

  L2-Data Cache:
    Size(KB):        1024
    Block Size(B):    128
    Associativity:     16

Latencies:    1   15  250
L1-Sets:  256 - LRU - assoc:   4
L2-Sets:  512 - LRU - assoc:  16
Store_allocation: Yes
L2_inclusive: Yes

L1 Cache Stats:
L1-Load-Hits:        3250004979   51.16%
L1-Load-Misses:      3102977762   48.84%
L1-Load-Accesses:    6352982741  100.00%

L1-Store-Hits:        1809090847   96.19%
L1-Store-Misses:        71707325    3.81%
L1-Store-Accesses:    1880798172  100.00%

L1-Total-Hits:        5059095826   61.44%
L1-Total-Misses:      3174685087   38.56%
L1-Total-Accesses:    8233780913  100.00%

L2 Cache Stats:
L2-Load-Hits:        1788647157   57.64%
L2-Load-Misses:      1314330605   42.36%
L2-Load-Accesses:    3102977762  100.00%

L2-Store-Hits:          54876823   76.53%
L2-Store-Misses:        16830502   23.47%
L2-Store-Accesses:      71707325  100.00%

L2-Total-Hits:        1843523980   58.07%
L2-Total-Misses:      1331161107   41.93%
L2-Total-Accesses:    3174685087  100.00%

