--------
Total Statistics
--------
Total Instructions: 18199710883
Total Cycles: 301301019326
IPC: 0.0604037

--------
Two level Cache hierarchy
--------
  L1-Data Cache:
    Size(KB):          32
    Block Size(B):     32
    Associativity:      4

  L2-Data Cache:
    Size(KB):         512
    Block Size(B):    256
    Associativity:      8

Latencies:    1   15  250
L1-Sets:  256 - LRU - assoc:   4
L2-Sets:  256 - LRU - assoc:   8
Store_allocation: Yes
L2_inclusive: Yes

L1 Cache Stats:
L1-Load-Hits:        3248781181   51.14%
L1-Load-Misses:      3104201560   48.86%
L1-Load-Accesses:    6352982741  100.00%

L1-Store-Hits:        1809166630   96.19%
L1-Store-Misses:        71631542    3.81%
L1-Store-Accesses:    1880798172  100.00%

L1-Total-Hits:        5057947811   61.43%
L1-Total-Misses:      3175833102   38.57%
L1-Total-Accesses:    8233780913  100.00%

L2 Cache Stats:
L2-Load-Hits:        2204598353   71.02%
L2-Load-Misses:       899603207   28.98%
L2-Load-Accesses:    3104201560  100.00%

L2-Store-Hits:          62314625   86.99%
L2-Store-Misses:         9316917   13.01%
L2-Store-Accesses:      71631542  100.00%

L2-Total-Hits:        2266912978   71.38%
L2-Total-Misses:       908920124   28.62%
L2-Total-Accesses:    3175833102  100.00%

