--------
Total Statistics
--------
Total Instructions: 18199710883
Total Cycles: 343506146681
IPC: 0.0529822

--------
Two level Cache hierarchy
--------
  L1-Data Cache:
    Size(KB):          32
    Block Size(B):     32
    Associativity:      4

  L2-Data Cache:
    Size(KB):        2048
    Block Size(B):    128
    Associativity:     16

Latencies:    1   15  250
L1-Sets:  256 - LRU - assoc:   4
L2-Sets: 1024 - LRU - assoc:  16
Store_allocation: Yes
L2_inclusive: Yes

L1 Cache Stats:
L1-Load-Hits:        3249981489   51.16%
L1-Load-Misses:      3103001252   48.84%
L1-Load-Accesses:    6352982741  100.00%

L1-Store-Hits:        1809168915   96.19%
L1-Store-Misses:        71629257    3.81%
L1-Store-Accesses:    1880798172  100.00%

L1-Total-Hits:        5059150404   61.44%
L1-Total-Misses:      3174630509   38.56%
L1-Total-Accesses:    8233780913  100.00%

L2 Cache Stats:
L2-Load-Hits:        2041358470   65.79%
L2-Load-Misses:      1061642782   34.21%
L2-Load-Accesses:    3103001252  100.00%

L2-Store-Hits:          55459250   77.43%
L2-Store-Misses:        16170007   22.57%
L2-Store-Accesses:      71629257  100.00%

L2-Total-Hits:        2096817720   66.05%
L2-Total-Misses:      1077812789   33.95%
L2-Total-Accesses:    3174630509  100.00%

