--------
Total Statistics
--------
Total Instructions: 18199710883
Total Cycles: 607247170511
IPC: 0.0299708

--------
Two level Cache hierarchy
--------
  L1-Data Cache:
    Size(KB):          32
    Block Size(B):     32
    Associativity:      4

  L2-Data Cache:
    Size(KB):         512
    Block Size(B):     64
    Associativity:      4

Latencies:    1   15  250
L1-Sets:  256 - LRU - assoc:   4
L2-Sets: 2048 - LRU - assoc:   4
Store_allocation: Yes
L2_inclusive: Yes

L1 Cache Stats:
L1-Load-Hits:        3249774142   51.15%
L1-Load-Misses:      3103208599   48.85%
L1-Load-Accesses:    6352982741  100.00%

L1-Store-Hits:        1809117140   96.19%
L1-Store-Misses:        71681032    3.81%
L1-Store-Accesses:    1880798172  100.00%

L1-Total-Hits:        5058891282   61.44%
L1-Total-Misses:      3174889631   38.56%
L1-Total-Accesses:    8233780913  100.00%

L2 Cache Stats:
L2-Load-Hits:        1003716106   32.34%
L2-Load-Misses:      2099492493   67.66%
L2-Load-Accesses:    3103208599  100.00%

L2-Store-Hits:          38412188   53.59%
L2-Store-Misses:        33268844   46.41%
L2-Store-Accesses:      71681032  100.00%

L2-Total-Hits:        1042128294   32.82%
L2-Total-Misses:      2132761337   67.18%
L2-Total-Accesses:    3174889631  100.00%

