--------
Total Statistics
--------
Total Instructions: 18199710883
Total Cycles: 637801477741
IPC: 0.0285351

--------
Two level Cache hierarchy
--------
  L1-Data Cache:
    Size(KB):          32
    Block Size(B):     32
    Associativity:      4

  L2-Data Cache:
    Size(KB):         256
    Block Size(B):     64
    Associativity:      8

Latencies:    1   15  250
L1-Sets:  256 - LRU - assoc:   4
L2-Sets:  512 - LRU - assoc:   8
Store_allocation: Yes
L2_inclusive: Yes

L1 Cache Stats:
L1-Load-Hits:        3248857549   51.14%
L1-Load-Misses:      3104125192   48.86%
L1-Load-Accesses:    6352982741  100.00%

L1-Store-Hits:        1809213801   96.19%
L1-Store-Misses:        71584371    3.81%
L1-Store-Accesses:    1880798172  100.00%

L1-Total-Hits:        5058071350   61.43%
L1-Total-Misses:      3175709563   38.57%
L1-Total-Accesses:    8233780913  100.00%

L2 Cache Stats:
L2-Load-Hits:         883181255   28.45%
L2-Load-Misses:      2220943937   71.55%
L2-Load-Accesses:    3104125192  100.00%

L2-Store-Hits:          37598938   52.52%
L2-Store-Misses:        33985433   47.48%
L2-Store-Accesses:      71584371  100.00%

L2-Total-Hits:         920780193   28.99%
L2-Total-Misses:      2254929370   71.01%
L2-Total-Accesses:    3175709563  100.00%

