--------
Total Statistics
--------
Total Instructions: 18199710883
Total Cycles: 264443075326
IPC: 0.0688228

--------
Two level Cache hierarchy
--------
  L1-Data Cache:
    Size(KB):          32
    Block Size(B):     32
    Associativity:      4

  L2-Data Cache:
    Size(KB):        1024
    Block Size(B):    256
    Associativity:      8

Latencies:    1   15  250
L1-Sets:  256 - LRU - assoc:   4
L2-Sets:  512 - LRU - assoc:   8
Store_allocation: Yes
L2_inclusive: Yes

L1 Cache Stats:
L1-Load-Hits:        3249965500   51.16%
L1-Load-Misses:      3103017241   48.84%
L1-Load-Accesses:    6352982741  100.00%

L1-Store-Hits:        1809543311   96.21%
L1-Store-Misses:        71254861    3.79%
L1-Store-Accesses:    1880798172  100.00%

L1-Total-Hits:        5059508811   61.45%
L1-Total-Misses:      3174272102   38.55%
L1-Total-Accesses:    8233780913  100.00%

L2 Cache Stats:
L2-Load-Hits:        2350219925   75.74%
L2-Load-Misses:       752797316   24.26%
L2-Load-Accesses:    3103017241  100.00%

L2-Store-Hits:          62470169   87.67%
L2-Store-Misses:         8784692   12.33%
L2-Store-Accesses:      71254861  100.00%

L2-Total-Hits:        2412690094   76.01%
L2-Total-Misses:       761582008   23.99%
L2-Total-Accesses:    3174272102  100.00%

