--------
Total Statistics
--------
Total Instructions: 18199710883
Total Cycles: 406063575396
IPC: 0.0448199

--------
Two level Cache hierarchy
--------
  L1-Data Cache:
    Size(KB):          32
    Block Size(B):     32
    Associativity:      4

  L2-Data Cache:
    Size(KB):        1024
    Block Size(B):    128
    Associativity:      8

Latencies:    1   15  250
L1-Sets:  256 - LRU - assoc:   4
L2-Sets: 1024 - LRU - assoc:   8
Store_allocation: Yes
L2_inclusive: Yes

L1 Cache Stats:
L1-Load-Hits:        3249881741   51.16%
L1-Load-Misses:      3103101000   48.84%
L1-Load-Accesses:    6352982741  100.00%

L1-Store-Hits:        1809104282   96.19%
L1-Store-Misses:        71693890    3.81%
L1-Store-Accesses:    1880798172  100.00%

L1-Total-Hits:        5058986023   61.44%
L1-Total-Misses:      3174794890   38.56%
L1-Total-Accesses:    8233780913  100.00%

L2 Cache Stats:
L2-Load-Hits:        1791903872   57.75%
L2-Load-Misses:      1311197128   42.25%
L2-Load-Accesses:    3103101000  100.00%

L2-Store-Hits:          54858377   76.52%
L2-Store-Misses:        16835513   23.48%
L2-Store-Accesses:      71693890  100.00%

L2-Total-Hits:        1846762249   58.17%
L2-Total-Misses:      1328032641   41.83%
L2-Total-Accesses:    3174794890  100.00%

