--------
Total Statistics
--------
Total Instructions: 18199710883
Total Cycles: 307983176126
IPC: 0.0590932

--------
Two level Cache hierarchy
--------
  L1-Data Cache:
    Size(KB):          32
    Block Size(B):     32
    Associativity:      4

  L2-Data Cache:
    Size(KB):         512
    Block Size(B):    256
    Associativity:      4

Latencies:    1   15  250
L1-Sets:  256 - LRU - assoc:   4
L2-Sets:  512 - LRU - assoc:   4
Store_allocation: Yes
L2_inclusive: Yes

L1 Cache Stats:
L1-Load-Hits:        3245063981   51.08%
L1-Load-Misses:      3107918760   48.92%
L1-Load-Accesses:    6352982741  100.00%

L1-Store-Hits:        1808825660   96.17%
L1-Store-Misses:        71972512    3.83%
L1-Store-Accesses:    1880798172  100.00%

L1-Total-Hits:        5053889641   61.38%
L1-Total-Misses:      3179891272   38.62%
L1-Total-Accesses:    8233780913  100.00%

L2 Cache Stats:
L2-Load-Hits:        2182121593   70.21%
L2-Load-Misses:       925797167   29.79%
L2-Load-Accesses:    3107918760  100.00%

L2-Store-Hits:          62364418   86.65%
L2-Store-Misses:         9608094   13.35%
L2-Store-Accesses:      71972512  100.00%

L2-Total-Hits:        2244486011   70.58%
L2-Total-Misses:       935405261   29.42%
L2-Total-Accesses:    3179891272  100.00%

