--------
Total Statistics
--------
Total Instructions: 18199710883
Total Cycles: 405610769536
IPC: 0.0448699

--------
Two level Cache hierarchy
--------
  L1-Data Cache:
    Size(KB):          32
    Block Size(B):     32
    Associativity:      4

  L2-Data Cache:
    Size(KB):        2048
    Block Size(B):     64
    Associativity:     16

Latencies:    1   15  250
L1-Sets:  256 - LRU - assoc:   4
L2-Sets: 2048 - LRU - assoc:  16
Store_allocation: Yes
L2_inclusive: Yes

L1 Cache Stats:
L1-Load-Hits:        3250162761   51.16%
L1-Load-Misses:      3102819980   48.84%
L1-Load-Accesses:    6352982741  100.00%

L1-Store-Hits:        1809362036   96.20%
L1-Store-Misses:        71436136    3.80%
L1-Store-Accesses:    1880798172  100.00%

L1-Total-Hits:        5059524797   61.45%
L1-Total-Misses:      3174256116   38.55%
L1-Total-Accesses:    8233780913  100.00%

L2 Cache Stats:
L2-Load-Hits:        1807729077   58.26%
L2-Load-Misses:      1295090903   41.74%
L2-Load-Accesses:    3102819980  100.00%

L2-Store-Hits:          40273295   56.38%
L2-Store-Misses:        31162841   43.62%
L2-Store-Accesses:      71436136  100.00%

L2-Total-Hits:        1848002372   58.22%
L2-Total-Misses:      1326253744   41.78%
L2-Total-Accesses:    3174256116  100.00%

