--------
Total Statistics
--------
Total Instructions: 18199710883
Total Cycles: 440782858381
IPC: 0.0412895

--------
Two level Cache hierarchy
--------
  L1-Data Cache:
    Size(KB):          32
    Block Size(B):     32
    Associativity:      4

  L2-Data Cache:
    Size(KB):         512
    Block Size(B):    128
    Associativity:      8

Latencies:    1   15  250
L1-Sets:  256 - LRU - assoc:   4
L2-Sets:  512 - LRU - assoc:   8
Store_allocation: Yes
L2_inclusive: Yes

L1 Cache Stats:
L1-Load-Hits:        3249702559   51.15%
L1-Load-Misses:      3103280182   48.85%
L1-Load-Accesses:    6352982741  100.00%

L1-Store-Hits:        1809142465   96.19%
L1-Store-Misses:        71655707    3.81%
L1-Store-Accesses:    1880798172  100.00%

L1-Total-Hits:        5058845024   61.44%
L1-Total-Misses:      3174935889   38.56%
L1-Total-Accesses:    8233780913  100.00%

L2 Cache Stats:
L2-Load-Hits:        1653681486   53.29%
L2-Load-Misses:      1449598696   46.71%
L2-Load-Accesses:    3103280182  100.00%

L2-Store-Hits:          54353090   75.85%
L2-Store-Misses:        17302617   24.15%
L2-Store-Accesses:      71655707  100.00%

L2-Total-Hits:        1708034576   53.80%
L2-Total-Misses:      1466901313   46.20%
L2-Total-Accesses:    3174935889  100.00%

