--------
Total Statistics
--------
Total Instructions: 18199710883
Total Cycles: 477253528501
IPC: 0.0381343

--------
Two level Cache hierarchy
--------
  L1-Data Cache:
    Size(KB):          32
    Block Size(B):     32
    Associativity:      4

  L2-Data Cache:
    Size(KB):         256
    Block Size(B):    128
    Associativity:      4

Latencies:    1   15  250
L1-Sets:  256 - LRU - assoc:   4
L2-Sets:  512 - LRU - assoc:   4
Store_allocation: Yes
L2_inclusive: Yes

L1 Cache Stats:
L1-Load-Hits:        3244644229   51.07%
L1-Load-Misses:      3108338512   48.93%
L1-Load-Accesses:    6352982741  100.00%

L1-Store-Hits:        1808690037   96.17%
L1-Store-Misses:        72108135    3.83%
L1-Store-Accesses:    1880798172  100.00%

L1-Total-Hits:        5053334266   61.37%
L1-Total-Misses:      3180446647   38.63%
L1-Total-Accesses:    8233780913  100.00%

L2 Cache Stats:
L2-Load-Hits:        1514246957   48.72%
L2-Load-Misses:      1594091555   51.28%
L2-Load-Accesses:    3108338512  100.00%

L2-Store-Hits:          53746342   74.54%
L2-Store-Misses:        18361793   25.46%
L2-Store-Accesses:      72108135  100.00%

L2-Total-Hits:        1567993299   49.30%
L2-Total-Misses:      1612453348   50.70%
L2-Total-Accesses:    3180446647  100.00%

