--------
Total Statistics
--------
Total Instructions: 18199710883
Total Cycles: 443020727266
IPC: 0.0410809

--------
Two level Cache hierarchy
--------
  L1-Data Cache:
    Size(KB):          32
    Block Size(B):     32
    Associativity:      4

  L2-Data Cache:
    Size(KB):         512
    Block Size(B):    128
    Associativity:      4

Latencies:    1   15  250
L1-Sets:  256 - LRU - assoc:   4
L2-Sets: 1024 - LRU - assoc:   4
Store_allocation: Yes
L2_inclusive: Yes

L1 Cache Stats:
L1-Load-Hits:        3248890698   51.14%
L1-Load-Misses:      3104092043   48.86%
L1-Load-Accesses:    6352982741  100.00%

L1-Store-Hits:        1808978917   96.18%
L1-Store-Misses:        71819255    3.82%
L1-Store-Accesses:    1880798172  100.00%

L1-Total-Hits:        5057869615   61.43%
L1-Total-Misses:      3175911298   38.57%
L1-Total-Accesses:    8233780913  100.00%

L2 Cache Stats:
L2-Load-Hits:        1645702411   53.02%
L2-Load-Misses:      1458389632   46.98%
L2-Load-Accesses:    3104092043  100.00%

L2-Store-Hits:          54414623   75.77%
L2-Store-Misses:        17404632   24.23%
L2-Store-Accesses:      71819255  100.00%

L2-Total-Hits:        1700117034   53.53%
L2-Total-Misses:      1475794264   46.47%
L2-Total-Accesses:    3175911298  100.00%

