--------
Total Statistics
--------
Total Instructions: 18199710883
Total Cycles: 264142391766
IPC: 0.0689011

--------
Two level Cache hierarchy
--------
  L1-Data Cache:
    Size(KB):          32
    Block Size(B):     32
    Associativity:      4

  L2-Data Cache:
    Size(KB):        1024
    Block Size(B):    256
    Associativity:     16

Latencies:    1   15  250
L1-Sets:  256 - LRU - assoc:   4
L2-Sets:  256 - LRU - assoc:  16
Store_allocation: Yes
L2_inclusive: Yes

L1 Cache Stats:
L1-Load-Hits:        3249956491   51.16%
L1-Load-Misses:      3103026250   48.84%
L1-Load-Accesses:    6352982741  100.00%

L1-Store-Hits:        1809257024   96.20%
L1-Store-Misses:        71541148    3.80%
L1-Store-Accesses:    1880798172  100.00%

L1-Total-Hits:        5059213515   61.44%
L1-Total-Misses:      3174567398   38.56%
L1-Total-Accesses:    8233780913  100.00%

L2 Cache Stats:
L2-Load-Hits:        2351418778   75.78%
L2-Load-Misses:       751607472   24.22%
L2-Load-Accesses:    3103026250  100.00%

L2-Store-Hits:          62787064   87.76%
L2-Store-Misses:         8754084   12.24%
L2-Store-Accesses:      71541148  100.00%

L2-Total-Hits:        2414205842   76.05%
L2-Total-Misses:       760361556   23.95%
L2-Total-Accesses:    3174567398  100.00%

