--------
Total Statistics
--------
Total Instructions: 18199710883
Total Cycles: 356894711306
IPC: 0.0509946

--------
Two level Cache hierarchy
--------
  L1-Data Cache:
    Size(KB):          32
    Block Size(B):     32
    Associativity:      4

  L2-Data Cache:
    Size(KB):         256
    Block Size(B):    256
    Associativity:      8

Latencies:    1   15  250
L1-Sets:  256 - LRU - assoc:   4
L2-Sets:  128 - LRU - assoc:   8
Store_allocation: Yes
L2_inclusive: Yes

L1 Cache Stats:
L1-Load-Hits:        3229515863   50.83%
L1-Load-Misses:      3123466878   49.17%
L1-Load-Accesses:    6352982741  100.00%

L1-Store-Hits:        1808269616   96.14%
L1-Store-Misses:        72528556    3.86%
L1-Store-Accesses:    1880798172  100.00%

L1-Total-Hits:        5037785479   61.18%
L1-Total-Misses:      3195995434   38.82%
L1-Total-Accesses:    8233780913  100.00%

L2 Cache Stats:
L2-Load-Hits:        2004131864   64.16%
L2-Load-Misses:      1119335014   35.84%
L2-Load-Accesses:    3123466878  100.00%

L2-Store-Hits:          61778418   85.18%
L2-Store-Misses:        10750138   14.82%
L2-Store-Accesses:      72528556  100.00%

L2-Total-Hits:        2065910282   64.64%
L2-Total-Misses:      1130085152   35.36%
L2-Total-Accesses:    3195995434  100.00%

