--------
Total Statistics
--------
Total Instructions: 18199710883
Total Cycles: 607417971086
IPC: 0.0299624

--------
Two level Cache hierarchy
--------
  L1-Data Cache:
    Size(KB):          32
    Block Size(B):     32
    Associativity:      4

  L2-Data Cache:
    Size(KB):         512
    Block Size(B):     64
    Associativity:      8

Latencies:    1   15  250
L1-Sets:  256 - LRU - assoc:   4
L2-Sets: 1024 - LRU - assoc:   8
Store_allocation: Yes
L2_inclusive: Yes

L1 Cache Stats:
L1-Load-Hits:        3249754662   51.15%
L1-Load-Misses:      3103228079   48.85%
L1-Load-Accesses:    6352982741  100.00%

L1-Store-Hits:        1809362565   96.20%
L1-Store-Misses:        71435607    3.80%
L1-Store-Accesses:    1880798172  100.00%

L1-Total-Hits:        5059117227   61.44%
L1-Total-Misses:      3174663686   38.56%
L1-Total-Accesses:    8233780913  100.00%

L2 Cache Stats:
L2-Load-Hits:        1003004970   32.32%
L2-Load-Misses:      2100223109   67.68%
L2-Load-Accesses:    3103228079  100.00%

L2-Store-Hits:          38200620   53.48%
L2-Store-Misses:        33234987   46.52%
L2-Store-Accesses:      71435607  100.00%

L2-Total-Hits:        1041205590   32.80%
L2-Total-Misses:      2133458096   67.20%
L2-Total-Accesses:    3174663686  100.00%

