--------
Total Statistics
--------
Total Instructions: 18199710883
Total Cycles: 556536911556
IPC: 0.0327017

--------
Two level Cache hierarchy
--------
  L1-Data Cache:
    Size(KB):          32
    Block Size(B):     32
    Associativity:      4

  L2-Data Cache:
    Size(KB):        1024
    Block Size(B):     64
    Associativity:      8

Latencies:    1   15  250
L1-Sets:  256 - LRU - assoc:   4
L2-Sets: 2048 - LRU - assoc:   8
Store_allocation: Yes
L2_inclusive: Yes

L1 Cache Stats:
L1-Load-Hits:        3250088974   51.16%
L1-Load-Misses:      3102893767   48.84%
L1-Load-Accesses:    6352982741  100.00%

L1-Store-Hits:        1809107855   96.19%
L1-Store-Misses:        71690317    3.81%
L1-Store-Accesses:    1880798172  100.00%

L1-Total-Hits:        5059196829   61.44%
L1-Total-Misses:      3174584084   38.56%
L1-Total-Accesses:    8233780913  100.00%

L2 Cache Stats:
L2-Load-Hits:        1205325127   38.85%
L2-Load-Misses:      1897568640   61.15%
L2-Load-Accesses:    3102893767  100.00%

L2-Store-Hits:          39320323   54.85%
L2-Store-Misses:        32369994   45.15%
L2-Store-Accesses:      71690317  100.00%

L2-Total-Hits:        1244645450   39.21%
L2-Total-Misses:      1929938634   60.79%
L2-Total-Accesses:    3174584084  100.00%

