--------
Total Statistics
--------
Total Instructions: 60533966080
Total Cycles: 88807869518
IPC: 0.681628

--------
Two level Cache hierarchy
--------
  L1-Data Cache:
    Size(KB):          32
    Block Size(B):     32
    Associativity:      4

  L2-Data Cache:
    Size(KB):        1024
    Block Size(B):     64
    Associativity:      8

Latencies:    1   15  250
L1-Sets:  256 - LRU - assoc:   4
L2-Sets: 2048 - LRU - assoc:   8
Store_allocation: Yes
L2_inclusive: Yes

L1 Cache Stats:
L1-Load-Hits:       13359771237   95.93%
L1-Load-Misses:       566843776    4.07%
L1-Load-Accesses:   13926615013  100.00%

L1-Store-Hits:        3700285325   99.30%
L1-Store-Misses:        26118810    0.70%
L1-Store-Accesses:    3726404135  100.00%

L1-Total-Hits:       17060056562   96.64%
L1-Total-Misses:       592962586    3.36%
L1-Total-Accesses:   17653019148  100.00%

L2 Cache Stats:
L2-Load-Hits:         561574588   99.07%
L2-Load-Misses:         5269188    0.93%
L2-Load-Accesses:     566843776  100.00%

L2-Store-Hits:          24482216   93.73%
L2-Store-Misses:         1636594    6.27%
L2-Store-Accesses:      26118810  100.00%

L2-Total-Hits:         586056804   98.84%
L2-Total-Misses:         6905782    1.16%
L2-Total-Accesses:     592962586  100.00%

