--------
Total Statistics
--------
Total Instructions: 60533966080
Total Cycles: 88428242328
IPC: 0.684555

--------
Two level Cache hierarchy
--------
  L1-Data Cache:
    Size(KB):          32
    Block Size(B):     32
    Associativity:      4

  L2-Data Cache:
    Size(KB):        2048
    Block Size(B):     64
    Associativity:     16

Latencies:    1   15  250
L1-Sets:  256 - LRU - assoc:   4
L2-Sets: 2048 - LRU - assoc:  16
Store_allocation: Yes
L2_inclusive: Yes

L1 Cache Stats:
L1-Load-Hits:       13364635674   95.96%
L1-Load-Misses:       561979339    4.04%
L1-Load-Accesses:   13926615013  100.00%

L1-Store-Hits:        3699941284   99.29%
L1-Store-Misses:        26462851    0.71%
L1-Store-Accesses:    3726404135  100.00%

L1-Total-Hits:       17064576958   96.67%
L1-Total-Misses:       588442190    3.33%
L1-Total-Accesses:   17653019148  100.00%

L2 Cache Stats:
L2-Load-Hits:         557951373   99.28%
L2-Load-Misses:         4027966    0.72%
L2-Load-Accesses:     561979339  100.00%

L2-Store-Hits:          24832320   93.84%
L2-Store-Misses:         1630531    6.16%
L2-Store-Accesses:      26462851  100.00%

L2-Total-Hits:         582783693   99.04%
L2-Total-Misses:         5658497    0.96%
L2-Total-Accesses:     588442190  100.00%

