--------
Total Statistics
--------
Total Instructions: 60533966080
Total Cycles: 87818518788
IPC: 0.689308

--------
Two level Cache hierarchy
--------
  L1-Data Cache:
    Size(KB):          32
    Block Size(B):     32
    Associativity:      4

  L2-Data Cache:
    Size(KB):        2048
    Block Size(B):    128
    Associativity:     16

Latencies:    1   15  250
L1-Sets:  256 - LRU - assoc:   4
L2-Sets: 1024 - LRU - assoc:  16
Store_allocation: Yes
L2_inclusive: Yes

L1 Cache Stats:
L1-Load-Hits:       13360243951   95.93%
L1-Load-Misses:       566371062    4.07%
L1-Load-Accesses:   13926615013  100.00%

L1-Store-Hits:        3700051243   99.29%
L1-Store-Misses:        26352892    0.71%
L1-Store-Accesses:    3726404135  100.00%

L1-Total-Hits:       17060295194   96.64%
L1-Total-Misses:       592723954    3.36%
L1-Total-Accesses:   17653019148  100.00%

L2 Cache Stats:
L2-Load-Hits:         564248584   99.63%
L2-Load-Misses:         2122478    0.37%
L2-Load-Accesses:     566371062  100.00%

L2-Store-Hits:          25512673   96.81%
L2-Store-Misses:          840219    3.19%
L2-Store-Accesses:      26352892  100.00%

L2-Total-Hits:         589761257   99.50%
L2-Total-Misses:         2962697    0.50%
L2-Total-Accesses:     592723954  100.00%

