--------
Total Statistics
--------
Total Instructions: 60533966080
Total Cycles: 87624786998
IPC: 0.690832

--------
Two level Cache hierarchy
--------
  L1-Data Cache:
    Size(KB):          32
    Block Size(B):     32
    Associativity:      4

  L2-Data Cache:
    Size(KB):         512
    Block Size(B):    256
    Associativity:      8

Latencies:    1   15  250
L1-Sets:  256 - LRU - assoc:   4
L2-Sets:  256 - LRU - assoc:   8
Store_allocation: Yes
L2_inclusive: Yes

L1 Cache Stats:
L1-Load-Hits:       13367206086   95.98%
L1-Load-Misses:       559408927    4.02%
L1-Load-Accesses:   13926615013  100.00%

L1-Store-Hits:        3701163494   99.32%
L1-Store-Misses:        25240641    0.68%
L1-Store-Accesses:    3726404135  100.00%

L1-Total-Hits:       17068369580   96.69%
L1-Total-Misses:       584649568    3.31%
L1-Total-Accesses:   17653019148  100.00%

L2 Cache Stats:
L2-Load-Hits:         557210087   99.61%
L2-Load-Misses:         2198840    0.39%
L2-Load-Accesses:     559408927  100.00%

L2-Store-Hits:          24767248   98.12%
L2-Store-Misses:          473393    1.88%
L2-Store-Accesses:      25240641  100.00%

L2-Total-Hits:         581977335   99.54%
L2-Total-Misses:         2672233    0.46%
L2-Total-Accesses:     584649568  100.00%

