--------
Total Statistics
--------
Total Instructions: 60533966082
Total Cycles: 87506721180
IPC: 0.691764

--------
Two level Cache hierarchy
--------
  L1-Data Cache:
    Size(KB):          32
    Block Size(B):     32
    Associativity:      4

  L2-Data Cache:
    Size(KB):        1024
    Block Size(B):    256
    Associativity:     16

Latencies:    1   15  250
L1-Sets:  256 - LRU - assoc:   4
L2-Sets:  256 - LRU - assoc:  16
Store_allocation: Yes
L2_inclusive: Yes

L1 Cache Stats:
L1-Load-Hits:       13363667026   95.96%
L1-Load-Misses:       562947987    4.04%
L1-Load-Accesses:   13926615013  100.00%

L1-Store-Hits:        3700617942   99.31%
L1-Store-Misses:        25786193    0.69%
L1-Store-Accesses:    3726404135  100.00%

L1-Total-Hits:       17064284968   96.66%
L1-Total-Misses:       588734180    3.34%
L1-Total-Accesses:   17653019148  100.00%

L2 Cache Stats:
L2-Load-Hits:         561431512   99.73%
L2-Load-Misses:         1516475    0.27%
L2-Load-Accesses:     562947987  100.00%

L2-Store-Hits:          25347775   98.30%
L2-Store-Misses:          438418    1.70%
L2-Store-Accesses:      25786193  100.00%

L2-Total-Hits:         586779287   99.67%
L2-Total-Misses:         1954893    0.33%
L2-Total-Accesses:     588734180  100.00%

