--------
Total Statistics
--------
Total Instructions: 60533966080
Total Cycles: 88779866728
IPC: 0.681843

--------
Two level Cache hierarchy
--------
  L1-Data Cache:
    Size(KB):          32
    Block Size(B):     32
    Associativity:      4

  L2-Data Cache:
    Size(KB):        1024
    Block Size(B):     64
    Associativity:     16

Latencies:    1   15  250
L1-Sets:  256 - LRU - assoc:   4
L2-Sets: 1024 - LRU - assoc:  16
Store_allocation: Yes
L2_inclusive: Yes

L1 Cache Stats:
L1-Load-Hits:       13360868532   95.94%
L1-Load-Misses:       565746481    4.06%
L1-Load-Accesses:   13926615013  100.00%

L1-Store-Hits:        3699194666   99.27%
L1-Store-Misses:        27209469    0.73%
L1-Store-Accesses:    3726404135  100.00%

L1-Total-Hits:       17060063198   96.64%
L1-Total-Misses:       592955950    3.36%
L1-Total-Accesses:   17653019148  100.00%

L2 Cache Stats:
L2-Load-Hits:         560588679   99.09%
L2-Load-Misses:         5157802    0.91%
L2-Load-Accesses:     565746481  100.00%

L2-Store-Hits:          25573102   93.99%
L2-Store-Misses:         1636367    6.01%
L2-Store-Accesses:      27209469  100.00%

L2-Total-Hits:         586161781   98.85%
L2-Total-Misses:         6794169    1.15%
L2-Total-Accesses:     592955950  100.00%

