--------
Total Statistics
--------
Total Instructions: 60533966082
Total Cycles: 88465047040
IPC: 0.68427

--------
Two level Cache hierarchy
--------
  L1-Data Cache:
    Size(KB):          32
    Block Size(B):     32
    Associativity:      4

  L2-Data Cache:
    Size(KB):         256
    Block Size(B):    128
    Associativity:      8

Latencies:    1   15  250
L1-Sets:  256 - LRU - assoc:   4
L2-Sets:  256 - LRU - assoc:   8
Store_allocation: Yes
L2_inclusive: Yes

L1 Cache Stats:
L1-Load-Hits:       13368519839   95.99%
L1-Load-Misses:       558095174    4.01%
L1-Load-Accesses:   13926615013  100.00%

L1-Store-Hits:        3700059805   99.29%
L1-Store-Misses:        26344330    0.71%
L1-Store-Accesses:    3726404135  100.00%

L1-Total-Hits:       17068579644   96.69%
L1-Total-Misses:       584439504    3.31%
L1-Total-Accesses:   17653019148  100.00%

L2 Cache Stats:
L2-Load-Hits:         552971015   99.08%
L2-Load-Misses:         5124159    0.92%
L2-Load-Accesses:     558095174  100.00%

L2-Store-Hits:          25422612   96.50%
L2-Store-Misses:          921718    3.50%
L2-Store-Accesses:      26344330  100.00%

L2-Total-Hits:         578393627   98.97%
L2-Total-Misses:         6045877    1.03%
L2-Total-Accesses:     584439504  100.00%

