--------
Total Statistics
--------
Total Instructions: 60533966080
Total Cycles: 88735431968
IPC: 0.682185

--------
Two level Cache hierarchy
--------
  L1-Data Cache:
    Size(KB):          32
    Block Size(B):     32
    Associativity:      4

  L2-Data Cache:
    Size(KB):         256
    Block Size(B):    128
    Associativity:      4

Latencies:    1   15  250
L1-Sets:  256 - LRU - assoc:   4
L2-Sets:  512 - LRU - assoc:   4
Store_allocation: Yes
L2_inclusive: Yes

L1 Cache Stats:
L1-Load-Hits:       13359691778   95.93%
L1-Load-Misses:       566923235    4.07%
L1-Load-Accesses:   13926615013  100.00%

L1-Store-Hits:        3697949454   99.24%
L1-Store-Misses:        28454681    0.76%
L1-Store-Accesses:    3726404135  100.00%

L1-Total-Hits:       17057641232   96.63%
L1-Total-Misses:       595377916    3.37%
L1-Total-Accesses:   17653019148  100.00%

L2 Cache Stats:
L2-Load-Hits:         561376005   99.02%
L2-Load-Misses:         5547230    0.98%
L2-Load-Accesses:     566923235  100.00%

L2-Store-Hits:          27530799   96.75%
L2-Store-Misses:          923882    3.25%
L2-Store-Accesses:      28454681  100.00%

L2-Total-Hits:         588906804   98.91%
L2-Total-Misses:         6471112    1.09%
L2-Total-Accesses:     595377916  100.00%

