--------
Total Statistics
--------
Total Instructions: 60533966080
Total Cycles: 88168321533
IPC: 0.686573

--------
Two level Cache hierarchy
--------
  L1-Data Cache:
    Size(KB):          32
    Block Size(B):     32
    Associativity:      4

  L2-Data Cache:
    Size(KB):         512
    Block Size(B):    128
    Associativity:      4

Latencies:    1   15  250
L1-Sets:  256 - LRU - assoc:   4
L2-Sets: 1024 - LRU - assoc:   4
Store_allocation: Yes
L2_inclusive: Yes

L1 Cache Stats:
L1-Load-Hits:       13368714522   95.99%
L1-Load-Misses:       557900491    4.01%
L1-Load-Accesses:   13926615013  100.00%

L1-Store-Hits:        3700481139   99.30%
L1-Store-Misses:        25922996    0.70%
L1-Store-Accesses:    3726404135  100.00%

L1-Total-Hits:       17069195661   96.69%
L1-Total-Misses:       583823487    3.31%
L1-Total-Accesses:   17653019148  100.00%

L2 Cache Stats:
L2-Load-Hits:         553890421   99.28%
L2-Load-Misses:         4010070    0.72%
L2-Load-Accesses:     557900491  100.00%

L2-Store-Hits:          25037130   96.58%
L2-Store-Misses:          885866    3.42%
L2-Store-Accesses:      25922996  100.00%

L2-Total-Hits:         578927551   99.16%
L2-Total-Misses:         4895936    0.84%
L2-Total-Accesses:     583823487  100.00%

