--------
Total Statistics
--------
Total Instructions: 96483404779
Total Cycles: 769856089289
IPC: 0.125327

--------
Two level Cache hierarchy
--------
  L1-Data Cache:
    Size(KB):          32
    Block Size(B):     32
    Associativity:      4

  L2-Data Cache:
    Size(KB):        1024
    Block Size(B):    256
    Associativity:     16

Latencies:    1   15  250
L1-Sets:  256 - LIP - assoc:   4
L2-Sets:  256 - LIP - assoc:  16
Store_allocation: Yes
L2_inclusive: Yes

L1 Cache Stats:
L1-Load-Hits:       18170301224   89.54%
L1-Load-Misses:      2122859532   10.46%
L1-Load-Accesses:   20293160756  100.00%

L1-Store-Hits:        5504972688   47.31%
L1-Store-Misses:      6131984771   52.69%
L1-Store-Accesses:   11636957459  100.00%

L1-Total-Hits:       23675273912   74.15%
L1-Total-Misses:      8254844303   25.85%
L1-Total-Accesses:   31930118215  100.00%

L2 Cache Stats:
L2-Load-Hits:        1863485854   87.78%
L2-Load-Misses:       259373678   12.22%
L2-Load-Accesses:    2122859532  100.00%

L2-Store-Hits:        4320878842   70.46%
L2-Store-Misses:      1811105929   29.54%
L2-Store-Accesses:    6131984771  100.00%

L2-Total-Hits:        6184364696   74.92%
L2-Total-Misses:      2070479607   25.08%
L2-Total-Accesses:    8254844303  100.00%

