--------
Total Statistics
--------
Total Instructions: 96483404914
Total Cycles: 712339626692
IPC: 0.135446

--------
Two level Cache hierarchy
--------
  L1-Data Cache:
    Size(KB):          32
    Block Size(B):     32
    Associativity:      4

  L2-Data Cache:
    Size(KB):        1024
    Block Size(B):    256
    Associativity:      8

Latencies:    1   15  250
L1-Sets:  256 - LIP - assoc:   4
L2-Sets:  512 - LIP - assoc:   8
Store_allocation: Yes
L2_inclusive: Yes

L1 Cache Stats:
L1-Load-Hits:       18138012516   89.38%
L1-Load-Misses:      2155148258   10.62%
L1-Load-Accesses:   20293160774  100.00%

L1-Store-Hits:        5296771214   45.52%
L1-Store-Misses:      6340186245   54.48%
L1-Store-Accesses:   11636957459  100.00%

L1-Total-Hits:       23434783730   73.39%
L1-Total-Misses:      8495334503   26.61%
L1-Total-Accesses:   31930118233  100.00%

L2 Cache Stats:
L2-Load-Hits:        1897066362   88.02%
L2-Load-Misses:       258081896   11.98%
L2-Load-Accesses:    2155148258  100.00%

L2-Store-Hits:        4772283797   75.27%
L2-Store-Misses:      1567902448   24.73%
L2-Store-Accesses:    6340186245  100.00%

L2-Total-Hits:        6669350159   78.51%
L2-Total-Misses:      1825984344   21.49%
L2-Total-Accesses:    8495334503  100.00%

