--------
Total Statistics
--------
Total Instructions: 96483404779
Total Cycles: 3596308706574
IPC: 0.0268285

--------
Two level Cache hierarchy
--------
  L1-Data Cache:
    Size(KB):          32
    Block Size(B):     32
    Associativity:      4

  L2-Data Cache:
    Size(KB):         512
    Block Size(B):    256
    Associativity:      8

Latencies:    1   15  250
L1-Sets:  256 - SRRIP - assoc:   4
L2-Sets:  256 - SRRIP - assoc:   8
Store_allocation: Yes
L2_inclusive: Yes

L1 Cache Stats:
L1-Load-Hits:        8587991348   42.32%
L1-Load-Misses:     11705169408   57.68%
L1-Load-Accesses:   20293160756  100.00%

L1-Store-Hits:        4057523345   34.87%
L1-Store-Misses:      7579434114   65.13%
L1-Store-Accesses:   11636957459  100.00%

L1-Total-Hits:       12645514693   39.60%
L1-Total-Misses:     19284603522   60.40%
L1-Total-Accesses:   31930118215  100.00%

L2 Cache Stats:
L2-Load-Hits:        5696934921   48.67%
L2-Load-Misses:      6008234487   51.33%
L2-Load-Accesses:   11705169408  100.00%

L2-Store-Hits:         873164078   11.52%
L2-Store-Misses:      6706270036   88.48%
L2-Store-Accesses:    7579434114  100.00%

L2-Total-Hits:        6570098999   34.07%
L2-Total-Misses:     12714504523   65.93%
L2-Total-Accesses:   19284603522  100.00%

