--------
Total Statistics
--------
Total Instructions: 3184260147
Total Cycles: 8275199661
IPC: 0.384796

--------
Two level Cache hierarchy
--------
  L1-Data Cache:
    Size(KB):          32
    Block Size(B):     32
    Associativity:      4

  L2-Data Cache:
    Size(KB):         512
    Block Size(B):    128
    Associativity:      4

Latencies:    1   15  250
L1-Sets:  256 - LRU - assoc:   4
L2-Sets: 1024 - LRU - assoc:   4
Store_allocation: Yes
L2_inclusive: Yes

L1 Cache Stats:
L1-Load-Hits:         719497525   94.99%
L1-Load-Misses:        37915531    5.01%
L1-Load-Accesses:     757413056  100.00%

L1-Store-Hits:         443651669   93.74%
L1-Store-Misses:        29609614    6.26%
L1-Store-Accesses:     473261283  100.00%

L1-Total-Hits:        1163149194   94.51%
L1-Total-Misses:        67525145    5.49%
L1-Total-Accesses:    1230674339  100.00%

L2 Cache Stats:
L2-Load-Hits:          27745339   73.18%
L2-Load-Misses:        10170192   26.82%
L2-Load-Accesses:      37915531  100.00%

L2-Store-Hits:          28390254   95.88%
L2-Store-Misses:         1219360    4.12%
L2-Store-Accesses:      29609614  100.00%

L2-Total-Hits:          56135593   83.13%
L2-Total-Misses:        11389552   16.87%
L2-Total-Accesses:      67525145  100.00%

