--------
Total Statistics
--------
Total Instructions: 3184011778
Total Cycles: 8210347794
IPC: 0.387805

--------
Two level Cache hierarchy
--------
  L1-Data Cache:
    Size(KB):          32
    Block Size(B):     32
    Associativity:      4

  L2-Data Cache:
    Size(KB):         512
    Block Size(B):    128
    Associativity:      8

Latencies:    1   15  250
L1-Sets:  256 - LRU - assoc:   4
L2-Sets:  512 - LRU - assoc:   8
Store_allocation: Yes
L2_inclusive: Yes

L1 Cache Stats:
L1-Load-Hits:         719505976   95.00%
L1-Load-Misses:        37874223    5.00%
L1-Load-Accesses:     757380199  100.00%

L1-Store-Hits:         443210820   93.65%
L1-Store-Misses:        30031572    6.35%
L1-Store-Accesses:     473242392  100.00%

L1-Total-Hits:        1162716796   94.48%
L1-Total-Misses:        67905795    5.52%
L1-Total-Accesses:    1230622591  100.00%

L2 Cache Stats:
L2-Load-Hits:          27930857   73.75%
L2-Load-Misses:         9943366   26.25%
L2-Load-Accesses:      37874223  100.00%

L2-Store-Hits:          28866432   96.12%
L2-Store-Misses:         1165140    3.88%
L2-Store-Accesses:      30031572  100.00%

L2-Total-Hits:          56797289   83.64%
L2-Total-Misses:        11108506   16.36%
L2-Total-Accesses:      67905795  100.00%

