--------
Total Statistics
--------
Total Instructions: 38323369492
Total Cycles: 160950768791
IPC: 0.238106

--------
Two level Cache hierarchy
--------
  L1-Data Cache:
    Size(KB):          32
    Block Size(B):     32
    Associativity:      4

  L2-Data Cache:
    Size(KB):         512
    Block Size(B):    256
    Associativity:      8

Latencies:    1   15  250
L1-Sets:  256 - LIP - assoc:   4
L2-Sets:  256 - LIP - assoc:   8
Store_allocation: Yes
L2_inclusive: Yes

L1 Cache Stats:
L1-Load-Hits:        8587297929   88.93%
L1-Load-Misses:      1069255705   11.07%
L1-Load-Accesses:    9656553634  100.00%

L1-Store-Hits:        3205103312   89.93%
L1-Store-Misses:       359047533   10.07%
L1-Store-Accesses:    3564150845  100.00%

L1-Total-Hits:       11792401241   89.20%
L1-Total-Misses:      1428303238   10.80%
L1-Total-Accesses:   13220704479  100.00%

L2 Cache Stats:
L2-Load-Hits:         784562040   73.37%
L2-Load-Misses:       284693665   26.63%
L2-Load-Accesses:    1069255705  100.00%

L2-Store-Hits:         291812613   81.27%
L2-Store-Misses:        67234920   18.73%
L2-Store-Accesses:     359047533  100.00%

L2-Total-Hits:        1076374653   75.36%
L2-Total-Misses:       351928585   24.64%
L2-Total-Accesses:    1428303238  100.00%

