--------
Total Statistics
--------
Total Instructions: 7463593603
Total Cycles: 64781474603
IPC: 0.115212

--------
Two level Cache hierarchy
--------
  L1-Data Cache:
    Size(KB):          32
    Block Size(B):     32
    Associativity:      4

  L2-Data Cache:
    Size(KB):         256
    Block Size(B):     64
    Associativity:      4

Latencies:    1   15  250
L1-Sets:  256 - LRU - assoc:   4
L2-Sets: 1024 - LRU - assoc:   4
Store_allocation: Yes
L2_inclusive: Yes

L1 Cache Stats:
L1-Load-Hits:        1821460776   83.42%
L1-Load-Misses:       361930763   16.58%
L1-Load-Accesses:    2183391539  100.00%

L1-Store-Hits:         437766828   94.60%
L1-Store-Misses:        25012293    5.40%
L1-Store-Accesses:     462779121  100.00%

L1-Total-Hits:        2259227604   85.38%
L1-Total-Misses:       386943056   14.62%
L1-Total-Accesses:    2646170660  100.00%

L2 Cache Stats:
L2-Load-Hits:         178974802   49.45%
L2-Load-Misses:       182955961   50.55%
L2-Load-Accesses:     361930763  100.00%

L2-Store-Hits:          12497996   49.97%
L2-Store-Misses:        12514297   50.03%
L2-Store-Accesses:      25012293  100.00%

L2-Total-Hits:         191472798   49.48%
L2-Total-Misses:       195470258   50.52%
L2-Total-Accesses:     386943056  100.00%

