--------
Total Statistics
--------
Total Instructions: 7475461503
Total Cycles: 57721885954
IPC: 0.129508

--------
Two level Cache hierarchy
--------
  L1-Data Cache:
    Size(KB):          32
    Block Size(B):     32
    Associativity:      4

  L2-Data Cache:
    Size(KB):        1024
    Block Size(B):     64
    Associativity:      8

Latencies:    1   15  250
L1-Sets:  256 - LRU - assoc:   4
L2-Sets: 2048 - LRU - assoc:   8
Store_allocation: Yes
L2_inclusive: Yes

L1 Cache Stats:
L1-Load-Hits:        1821105805   83.43%
L1-Load-Misses:       361667860   16.57%
L1-Load-Accesses:    2182773665  100.00%

L1-Store-Hits:         437492326   94.59%
L1-Store-Misses:        25017160    5.41%
L1-Store-Accesses:     462509486  100.00%

L1-Total-Hits:        2258598131   85.38%
L1-Total-Misses:       386685020   14.62%
L1-Total-Accesses:    2645283151  100.00%

L2 Cache Stats:
L2-Load-Hits:         205994805   56.96%
L2-Load-Misses:       155673055   43.04%
L2-Load-Accesses:     361667860  100.00%

L2-Store-Hits:          13486751   53.91%
L2-Store-Misses:        11530409   46.09%
L2-Store-Accesses:      25017160  100.00%

L2-Total-Hits:         219481556   56.76%
L2-Total-Misses:       167203464   43.24%
L2-Total-Accesses:     386685020  100.00%

