--------
Total Statistics
--------
Total Instructions: 7473200653
Total Cycles: 31057673113
IPC: 0.240623

--------
Two level Cache hierarchy
--------
  L1-Data Cache:
    Size(KB):          32
    Block Size(B):     32
    Associativity:      4

  L2-Data Cache:
    Size(KB):         256
    Block Size(B):    256
    Associativity:      8

Latencies:    1   15  250
L1-Sets:  256 - LRU - assoc:   4
L2-Sets:  128 - LRU - assoc:   8
Store_allocation: Yes
L2_inclusive: Yes

L1 Cache Stats:
L1-Load-Hits:        1821898049   83.42%
L1-Load-Misses:       361985490   16.58%
L1-Load-Accesses:    2183883539  100.00%

L1-Store-Hits:         437751791   94.59%
L1-Store-Misses:        25027330    5.41%
L1-Store-Accesses:     462779121  100.00%

L1-Total-Hits:        2259649840   85.38%
L1-Total-Misses:       387012820   14.62%
L1-Total-Accesses:    2646662660  100.00%

L2 Cache Stats:
L2-Load-Hits:         304972871   84.25%
L2-Load-Misses:        57012619   15.75%
L2-Load-Accesses:     361985490  100.00%

L2-Store-Hits:          21509479   85.94%
L2-Store-Misses:         3517851   14.06%
L2-Store-Accesses:      25027330  100.00%

L2-Total-Hits:         326482350   84.36%
L2-Total-Misses:        60530470   15.64%
L2-Total-Accesses:     387012820  100.00%

