--------
Total Statistics
--------
Total Instructions: 7475461503
Total Cycles: 29236337664
IPC: 0.255691

--------
Two level Cache hierarchy
--------
  L1-Data Cache:
    Size(KB):          32
    Block Size(B):     32
    Associativity:      4

  L2-Data Cache:
    Size(KB):         512
    Block Size(B):    256
    Associativity:      8

Latencies:    1   15  250
L1-Sets:  256 - LRU - assoc:   4
L2-Sets:  256 - LRU - assoc:   8
Store_allocation: Yes
L2_inclusive: Yes

L1 Cache Stats:
L1-Load-Hits:        1821060777   83.43%
L1-Load-Misses:       361712888   16.57%
L1-Load-Accesses:    2182773665  100.00%

L1-Store-Hits:         437491790   94.59%
L1-Store-Misses:        25017696    5.41%
L1-Store-Accesses:     462509486  100.00%

L1-Total-Hits:        2258552567   85.38%
L1-Total-Misses:       386730584   14.62%
L1-Total-Accesses:    2645283151  100.00%

L2 Cache Stats:
L2-Load-Hits:         311844468   86.21%
L2-Load-Misses:        49868420   13.79%
L2-Load-Accesses:     361712888  100.00%

L2-Store-Hits:          21627579   86.45%
L2-Store-Misses:         3390117   13.55%
L2-Store-Accesses:      25017696  100.00%

L2-Total-Hits:         333472047   86.23%
L2-Total-Misses:        53258537   13.77%
L2-Total-Accesses:     386730584  100.00%

