--------
Total Statistics
--------
Total Instructions: 7473074949
Total Cycles: 53455385299
IPC: 0.1398

--------
Two level Cache hierarchy
--------
  L1-Data Cache:
    Size(KB):          32
    Block Size(B):     32
    Associativity:      4

  L2-Data Cache:
    Size(KB):        2048
    Block Size(B):     64
    Associativity:     16

Latencies:    1   15  250
L1-Sets:  256 - LRU - assoc:   4
L2-Sets: 2048 - LRU - assoc:  16
Store_allocation: Yes
L2_inclusive: Yes

L1 Cache Stats:
L1-Load-Hits:        1822106066   83.44%
L1-Load-Misses:       361744393   16.56%
L1-Load-Accesses:    2183850459  100.00%

L1-Store-Hits:         437735994   94.60%
L1-Store-Misses:        25010047    5.40%
L1-Store-Accesses:     462746041  100.00%

L1-Total-Hits:        2259842060   85.39%
L1-Total-Misses:       386754440   14.61%
L1-Total-Accesses:    2646596500  100.00%

L2 Cache Stats:
L2-Load-Hits:         222006688   61.37%
L2-Load-Misses:       139737705   38.63%
L2-Load-Accesses:     361744393  100.00%

L2-Store-Hits:          14610163   58.42%
L2-Store-Misses:        10399884   41.58%
L2-Store-Accesses:      25010047  100.00%

L2-Total-Hits:         236616851   61.18%
L2-Total-Misses:       150137589   38.82%
L2-Total-Accesses:     386754440  100.00%

