--------
Total Statistics
--------
Total Instructions: 7462568988
Total Cycles: 27471462373
IPC: 0.271648

--------
Two level Cache hierarchy
--------
  L1-Data Cache:
    Size(KB):          32
    Block Size(B):     32
    Associativity:      4

  L2-Data Cache:
    Size(KB):        1024
    Block Size(B):    256
    Associativity:     16

Latencies:    1   15  250
L1-Sets:  256 - LRU - assoc:   4
L2-Sets:  256 - LRU - assoc:  16
Store_allocation: Yes
L2_inclusive: Yes

L1 Cache Stats:
L1-Load-Hits:        1821460065   83.43%
L1-Load-Misses:       361661839   16.57%
L1-Load-Accesses:    2183121904  100.00%

L1-Store-Hits:         437494642   94.59%
L1-Store-Misses:        25014844    5.41%
L1-Store-Accesses:     462509486  100.00%

L1-Total-Hits:        2258954707   85.38%
L1-Total-Misses:       386676683   14.62%
L1-Total-Accesses:    2645631390  100.00%

L2 Cache Stats:
L2-Load-Hits:         318599687   88.09%
L2-Load-Misses:        43062152   11.91%
L2-Load-Accesses:     361661839  100.00%

L2-Store-Hits:          21824549   87.25%
L2-Store-Misses:         3190295   12.75%
L2-Store-Accesses:      25014844  100.00%

L2-Total-Hits:         340424236   88.04%
L2-Total-Misses:        46252447   11.96%
L2-Total-Accesses:     386676683  100.00%

