--------
Total Statistics
--------
Total Instructions: 7463593603
Total Cycles: 27494239308
IPC: 0.27146

--------
Two level Cache hierarchy
--------
  L1-Data Cache:
    Size(KB):          32
    Block Size(B):     32
    Associativity:      4

  L2-Data Cache:
    Size(KB):        1024
    Block Size(B):    256
    Associativity:      8

Latencies:    1   15  250
L1-Sets:  256 - LRU - assoc:   4
L2-Sets:  512 - LRU - assoc:   8
Store_allocation: Yes
L2_inclusive: Yes

L1 Cache Stats:
L1-Load-Hits:        1821641950   83.43%
L1-Load-Misses:       361749589   16.57%
L1-Load-Accesses:    2183391539  100.00%

L1-Store-Hits:         437766307   94.60%
L1-Store-Misses:        25012814    5.40%
L1-Store-Accesses:     462779121  100.00%

L1-Total-Hits:        2259408257   85.38%
L1-Total-Misses:       386762403   14.62%
L1-Total-Accesses:    2646170660  100.00%

L2 Cache Stats:
L2-Load-Hits:         318609305   88.07%
L2-Load-Misses:        43140284   11.93%
L2-Load-Accesses:     361749589  100.00%

L2-Store-Hits:          21820942   87.24%
L2-Store-Misses:         3191872   12.76%
L2-Store-Accesses:      25012814  100.00%

L2-Total-Hits:         340430247   88.02%
L2-Total-Misses:        46332156   11.98%
L2-Total-Accesses:     386762403  100.00%

