--------
Total Statistics
--------
Total Instructions: 7471942509
Total Cycles: 26334250839
IPC: 0.283735

--------
Two level Cache hierarchy
--------
  L1-Data Cache:
    Size(KB):          32
    Block Size(B):     32
    Associativity:      4

  L2-Data Cache:
    Size(KB):        2048
    Block Size(B):    256
    Associativity:     16

Latencies:    1   15  250
L1-Sets:  256 - LRU - assoc:   4
L2-Sets:  512 - LRU - assoc:  16
Store_allocation: Yes
L2_inclusive: Yes

L1 Cache Stats:
L1-Load-Hits:        1821893352   83.44%
L1-Load-Misses:       361659097   16.56%
L1-Load-Accesses:    2183552449  100.00%

L1-Store-Hits:         437438538   94.59%
L1-Store-Misses:        25009493    5.41%
L1-Store-Accesses:     462448031  100.00%

L1-Total-Hits:        2259331890   85.39%
L1-Total-Misses:       386668590   14.61%
L1-Total-Accesses:    2646000480  100.00%

L2 Cache Stats:
L2-Load-Hits:         322799290   89.26%
L2-Load-Misses:        38859807   10.74%
L2-Load-Accesses:     361659097  100.00%

L2-Store-Hits:          22204184   88.78%
L2-Store-Misses:         2805309   11.22%
L2-Store-Accesses:      25009493  100.00%

L2-Total-Hits:         345003474   89.22%
L2-Total-Misses:        41665116   10.78%
L2-Total-Accesses:     386668590  100.00%

