--------
Total Statistics
--------
Total Instructions: 7475461503
Total Cycles: 37934780619
IPC: 0.197061

--------
Two level Cache hierarchy
--------
  L1-Data Cache:
    Size(KB):          32
    Block Size(B):     32
    Associativity:      4

  L2-Data Cache:
    Size(KB):        1024
    Block Size(B):    128
    Associativity:      8

Latencies:    1   15  250
L1-Sets:  256 - LRU - assoc:   4
L2-Sets: 1024 - LRU - assoc:   8
Store_allocation: Yes
L2_inclusive: Yes

L1 Cache Stats:
L1-Load-Hits:        1821111880   83.43%
L1-Load-Misses:       361661785   16.57%
L1-Load-Accesses:    2182773665  100.00%

L1-Store-Hits:         437495490   94.59%
L1-Store-Misses:        25013996    5.41%
L1-Store-Accesses:     462509486  100.00%

L1-Total-Hits:        2258607370   85.38%
L1-Total-Misses:       386675781   14.62%
L1-Total-Accesses:    2645283151  100.00%

L2 Cache Stats:
L2-Load-Hits:         279677060   77.33%
L2-Load-Misses:        81984725   22.67%
L2-Load-Accesses:     361661785  100.00%

L2-Store-Hits:          18943124   75.73%
L2-Store-Misses:         6070872   24.27%
L2-Store-Accesses:      25013996  100.00%

L2-Total-Hits:         298620184   77.23%
L2-Total-Misses:        88055597   22.77%
L2-Total-Accesses:     386675781  100.00%

