--------
Total Statistics
--------
Total Instructions: 7462298409
Total Cycles: 35625371494
IPC: 0.209466

--------
Two level Cache hierarchy
--------
  L1-Data Cache:
    Size(KB):          32
    Block Size(B):     32
    Associativity:      4

  L2-Data Cache:
    Size(KB):        2048
    Block Size(B):    128
    Associativity:     16

Latencies:    1   15  250
L1-Sets:  256 - LRU - assoc:   4
L2-Sets: 1024 - LRU - assoc:  16
Store_allocation: Yes
L2_inclusive: Yes

L1 Cache Stats:
L1-Load-Hits:        1821447849   83.44%
L1-Load-Misses:       361602850   16.56%
L1-Load-Accesses:    2183050699  100.00%

L1-Store-Hits:         437435624   94.59%
L1-Store-Misses:        25002657    5.41%
L1-Store-Accesses:     462438281  100.00%

L1-Total-Hits:        2258883473   85.39%
L1-Total-Misses:       386605507   14.61%
L1-Total-Accesses:    2645488980  100.00%

L2 Cache Stats:
L2-Load-Hits:         288149223   79.69%
L2-Load-Misses:        73453627   20.31%
L2-Load-Accesses:     361602850  100.00%

L2-Store-Hits:          19582278   78.32%
L2-Store-Misses:         5420379   21.68%
L2-Store-Accesses:      25002657  100.00%

L2-Total-Hits:         307731501   79.60%
L2-Total-Misses:        78874006   20.40%
L2-Total-Accesses:     386605507  100.00%

