--------
Total Statistics
--------
Total Instructions: 7463593603
Total Cycles: 31063284943
IPC: 0.240271

--------
Two level Cache hierarchy
--------
  L1-Data Cache:
    Size(KB):          32
    Block Size(B):     32
    Associativity:      4

  L2-Data Cache:
    Size(KB):         256
    Block Size(B):    256
    Associativity:      4

Latencies:    1   15  250
L1-Sets:  256 - LRU - assoc:   4
L2-Sets:  256 - LRU - assoc:   4
Store_allocation: Yes
L2_inclusive: Yes

L1 Cache Stats:
L1-Load-Hits:        1821350812   83.42%
L1-Load-Misses:       362040727   16.58%
L1-Load-Accesses:    2183391539  100.00%

L1-Store-Hits:         437750436   94.59%
L1-Store-Misses:        25028685    5.41%
L1-Store-Accesses:     462779121  100.00%

L1-Total-Hits:        2259101248   85.37%
L1-Total-Misses:       387069412   14.63%
L1-Total-Accesses:    2646170660  100.00%

L2 Cache Stats:
L2-Load-Hits:         304972987   84.24%
L2-Load-Misses:        57067740   15.76%
L2-Load-Accesses:     362040727  100.00%

L2-Store-Hits:          21506507   85.93%
L2-Store-Misses:         3522178   14.07%
L2-Store-Accesses:      25028685  100.00%

L2-Total-Hits:         326479494   84.35%
L2-Total-Misses:        60589918   15.65%
L2-Total-Accesses:     387069412  100.00%

