--------
Total Statistics
--------
Total Instructions: 7463593603
Total Cycles: 42636886313
IPC: 0.17505

--------
Two level Cache hierarchy
--------
  L1-Data Cache:
    Size(KB):          32
    Block Size(B):     32
    Associativity:      4

  L2-Data Cache:
    Size(KB):         256
    Block Size(B):    128
    Associativity:      8

Latencies:    1   15  250
L1-Sets:  256 - LRU - assoc:   4
L2-Sets:  256 - LRU - assoc:   8
Store_allocation: Yes
L2_inclusive: Yes

L1 Cache Stats:
L1-Load-Hits:        1821515065   83.43%
L1-Load-Misses:       361876474   16.57%
L1-Load-Accesses:    2183391539  100.00%

L1-Store-Hits:         437765275   94.59%
L1-Store-Misses:        25013846    5.41%
L1-Store-Accesses:     462779121  100.00%

L1-Total-Hits:        2259280340   85.38%
L1-Total-Misses:       386890320   14.62%
L1-Total-Accesses:    2646170660  100.00%

L2 Cache Stats:
L2-Load-Hits:         261579840   72.28%
L2-Load-Misses:       100296634   27.72%
L2-Load-Accesses:     361876474  100.00%

L2-Store-Hits:          18415411   73.62%
L2-Store-Misses:         6598435   26.38%
L2-Store-Accesses:      25013846  100.00%

L2-Total-Hits:         279995251   72.37%
L2-Total-Misses:       106895069   27.63%
L2-Total-Accesses:     386890320  100.00%

