--------
Total Statistics
--------
Total Instructions: 7473200653
Total Cycles: 40674517023
IPC: 0.183732

--------
Two level Cache hierarchy
--------
  L1-Data Cache:
    Size(KB):          32
    Block Size(B):     32
    Associativity:      4

  L2-Data Cache:
    Size(KB):         512
    Block Size(B):    128
    Associativity:      8

Latencies:    1   15  250
L1-Sets:  256 - LRU - assoc:   4
L2-Sets:  512 - LRU - assoc:   8
Store_allocation: Yes
L2_inclusive: Yes

L1 Cache Stats:
L1-Load-Hits:        1822052151   83.43%
L1-Load-Misses:       361831388   16.57%
L1-Load-Accesses:    2183883539  100.00%

L1-Store-Hits:         437747345   94.59%
L1-Store-Misses:        25031776    5.41%
L1-Store-Accesses:     462779121  100.00%

L1-Total-Hits:        2259799496   85.38%
L1-Total-Misses:       386863164   14.62%
L1-Total-Accesses:    2646662660  100.00%

L2 Cache Stats:
L2-Load-Hits:         269225953   74.41%
L2-Load-Misses:        92605435   25.59%
L2-Load-Accesses:     361831388  100.00%

L2-Store-Hits:          18630386   74.43%
L2-Store-Misses:         6401390   25.57%
L2-Store-Accesses:      25031776  100.00%

L2-Total-Hits:         287856339   74.41%
L2-Total-Misses:        99006825   25.59%
L2-Total-Accesses:     386863164  100.00%

