--------
Total Statistics
--------
Total Instructions: 7463593603
Total Cycles: 40729261223
IPC: 0.183249

--------
Two level Cache hierarchy
--------
  L1-Data Cache:
    Size(KB):          32
    Block Size(B):     32
    Associativity:      4

  L2-Data Cache:
    Size(KB):         512
    Block Size(B):    128
    Associativity:      4

Latencies:    1   15  250
L1-Sets:  256 - LRU - assoc:   4
L2-Sets: 1024 - LRU - assoc:   4
Store_allocation: Yes
L2_inclusive: Yes

L1 Cache Stats:
L1-Load-Hits:        1821592004   83.43%
L1-Load-Misses:       361799535   16.57%
L1-Load-Accesses:    2183391539  100.00%

L1-Store-Hits:         437758442   94.59%
L1-Store-Misses:        25020679    5.41%
L1-Store-Accesses:     462779121  100.00%

L1-Total-Hits:        2259350446   85.38%
L1-Total-Misses:       386820214   14.62%
L1-Total-Accesses:    2646170660  100.00%

L2 Cache Stats:
L2-Load-Hits:         268922355   74.33%
L2-Load-Misses:        92877180   25.67%
L2-Load-Accesses:     361799535  100.00%

L2-Store-Hits:          18629084   74.45%
L2-Store-Misses:         6391595   25.55%
L2-Store-Accesses:      25020679  100.00%

L2-Total-Hits:         287551439   74.34%
L2-Total-Misses:        99268775   25.66%
L2-Total-Accesses:     386820214  100.00%

