--------
Total Statistics
--------
Total Instructions: 3184120793
Total Cycles: 7301886491
IPC: 0.436068

--------
Two level Cache hierarchy
--------
  L1-Data Cache:
    Size(KB):          32
    Block Size(B):     32
    Associativity:      4

  L2-Data Cache:
    Size(KB):        2048
    Block Size(B):    256
    Associativity:     16

Latencies:    1   15  250
L1-Sets:  256 - LIP - assoc:   4
L2-Sets:  512 - LIP - assoc:  16
Store_allocation: Yes
L2_inclusive: Yes

L1 Cache Stats:
L1-Load-Hits:         714162572   94.29%
L1-Load-Misses:        43213809    5.71%
L1-Load-Accesses:     757376381  100.00%

L1-Store-Hits:         432510214   91.39%
L1-Store-Misses:        40734623    8.61%
L1-Store-Accesses:     473244837  100.00%

L1-Total-Hits:        1146672786   93.18%
L1-Total-Misses:        83948432    6.82%
L1-Total-Accesses:    1230621218  100.00%

L2 Cache Stats:
L2-Load-Hits:          37849906   87.59%
L2-Load-Misses:         5363903   12.41%
L2-Load-Accesses:      43213809  100.00%

L2-Store-Hits:          39586854   97.18%
L2-Store-Misses:         1147769    2.82%
L2-Store-Accesses:      40734623  100.00%

L2-Total-Hits:          77436760   92.24%
L2-Total-Misses:         6511672    7.76%
L2-Total-Accesses:      83948432  100.00%

