--------
Total Statistics
--------
Total Instructions: 3184321044
Total Cycles: 6720550087
IPC: 0.473819

--------
Two level Cache hierarchy
--------
  L1-Data Cache:
    Size(KB):          32
    Block Size(B):     32
    Associativity:      4

  L2-Data Cache:
    Size(KB):        2048
    Block Size(B):    256
    Associativity:     16

Latencies:    1   15  250
L1-Sets:  256 - RANDOM - assoc:   4
L2-Sets:  512 - RANDOM - assoc:  16
Store_allocation: Yes
L2_inclusive: Yes

L1 Cache Stats:
L1-Load-Hits:         711033169   93.87%
L1-Load-Misses:        46401553    6.13%
L1-Load-Accesses:     757434722  100.00%

L1-Store-Hits:         440879564   93.16%
L1-Store-Misses:        32384607    6.84%
L1-Store-Accesses:     473264171  100.00%

L1-Total-Hits:        1151912733   93.60%
L1-Total-Misses:        78786160    6.40%
L1-Total-Accesses:    1230698893  100.00%

L2 Cache Stats:
L2-Load-Hits:          42429178   91.44%
L2-Load-Misses:         3972375    8.56%
L2-Load-Accesses:      46401553  100.00%

L2-Store-Hits:          31862031   98.39%
L2-Store-Misses:          522576    1.61%
L2-Store-Accesses:      32384607  100.00%

L2-Total-Hits:          74291209   94.29%
L2-Total-Misses:         4494951    5.71%
L2-Total-Accesses:      78786160  100.00%

