--------
Total Statistics
--------
Total Instructions: 3184239001
Total Cycles: 261384953180
IPC: 0.0121822

--------
Two level Cache hierarchy
--------
  L1-Data Cache:
    Size(KB):          32
    Block Size(B):     32
    Associativity:      4

  L2-Data Cache:
    Size(KB):         512
    Block Size(B):    256
    Associativity:      8

Latencies:    1   15  250
L1-Sets:  256 - LFU - assoc:   4
L2-Sets:  256 - LFU - assoc:   8
Store_allocation: Yes
L2_inclusive: Yes

L1 Cache Stats:
L1-Load-Hits:          47848239    6.32%
L1-Load-Misses:       709561645   93.68%
L1-Load-Accesses:     757409884  100.00%

L1-Store-Hits:          29257076    6.18%
L1-Store-Misses:       444000534   93.82%
L1-Store-Accesses:     473257610  100.00%

L1-Total-Hits:          77105315    6.27%
L1-Total-Misses:      1153562179   93.73%
L1-Total-Accesses:    1230667494  100.00%

L2 Cache Stats:
L2-Load-Hits:         141945534   20.00%
L2-Load-Misses:       567616111   80.00%
L2-Load-Accesses:     709561645  100.00%

L2-Store-Hits:          52950189   11.93%
L2-Store-Misses:       391050345   88.07%
L2-Store-Accesses:     444000534  100.00%

L2-Total-Hits:         194895723   16.90%
L2-Total-Misses:       958666456   83.10%
L2-Total-Accesses:    1153562179  100.00%

