--------
Total Statistics
--------
Total Instructions: 3184363753
Total Cycles: 149663746080
IPC: 0.0212768

--------
Two level Cache hierarchy
--------
  L1-Data Cache:
    Size(KB):          32
    Block Size(B):     32
    Associativity:      4

  L2-Data Cache:
    Size(KB):        2048
    Block Size(B):    256
    Associativity:     16

Latencies:    1   15  250
L1-Sets:  256 - LFU - assoc:   4
L2-Sets:  512 - LFU - assoc:  16
Store_allocation: Yes
L2_inclusive: Yes

L1 Cache Stats:
L1-Load-Hits:          49352575    6.52%
L1-Load-Misses:       708076743   93.48%
L1-Load-Accesses:     757429318  100.00%

L1-Store-Hits:          26113942    5.52%
L1-Store-Misses:       447151042   94.48%
L1-Store-Accesses:     473264984  100.00%

L1-Total-Hits:          75466517    6.13%
L1-Total-Misses:      1155227785   93.87%
L1-Total-Accesses:    1230694302  100.00%

L2 Cache Stats:
L2-Load-Hits:         379852443   53.65%
L2-Load-Misses:       328224300   46.35%
L2-Load-Accesses:     708076743  100.00%

L2-Store-Hits:         263694257   58.97%
L2-Store-Misses:       183456785   41.03%
L2-Store-Accesses:     447151042  100.00%

L2-Total-Hits:         643546700   55.71%
L2-Total-Misses:       511681085   44.29%
L2-Total-Accesses:    1155227785  100.00%

