Total Instructions: 2070986421248

RAS: (Correct - Incorrect)

Branch Predictors: (Name - Correct - Incorrect)
  Static AlwaysTaken: 26179760071 52980568713
  Static BTFNT: 63777267998 15383060786
  Nbit-8K-4: 72165885261 6994443523
  Pentium-M: 73133625857 6026702927
  Local History Two Level Predictor(BHT entries=2048, BHT length=8): 75411303515 3749025269
  Local History Two Level Predictor(BHT entries=4096, BHT length=4): 75410239068 3750089716
  Local History Two Level Predictor(BHT entries=8192, BHT length=2): 75258935688 3901393096
  Global History Two Level Predictor (entries=16384, nbit=2): 73943324457 5217004327
  Global History Two Level Predictor (entries=8192, nbit=4): 74942791427 4217537357
  Alpha 21264: 74213427447 4946901337
  Tournament Hyprid Predictor
| Meta : Nbit-1K-2
| Pred0: Nbit-8K-2
| Pred1: Nbit-4K-4
: 72757434947 6402893837
  Tournament Hyprid Predictor
| Meta : Nbit-2K-2
| Pred0: Nbit-8K-2
| Pred1: Global History Two Level Predictor (entries=8192, nbit=2)
: 73990473225 5169855559
  Tournament Hyprid Predictor
| Meta : Nbit-2K-2
| Pred0: Nbit-8K-2
| Pred1: Local History Two Level Predictor(BHT entries=4096, BHT length=2)
: 75246785292 3913543492
  Tournament Hyprid Predictor
| Meta : Nbit-2K-2
| Pred0: Local History Two Level Predictor(BHT entries=4096, BHT length=2)
| Pred1: Global History Two Level Predictor (entries=8192, nbit=2)
: 75428114037 3732214747
  Tournament Hyprid Predictor
| Meta : Nbit-2K-2
| Pred0: Global History Two Level Predictor (entries=8192, nbit=2)
| Pred1: Global History Two Level Predictor (entries=4096, nbit=4)
: 74960583244 4199745540
  Tournament Hyprid Predictor
| Meta : Nbit-2K-2
| Pred0: Local History Two Level Predictor(BHT entries=4096, BHT length=2)
| Pred1: Local History Two Level Predictor(BHT entries=2048, BHT length=4)
: 75447611189 3712717595

BTB Predictors: (Name - Correct - Incorrect - TargetCorrect)
