--------
Total Statistics
--------
Total Instructions: 38323369492
Total Cycles: 932606941266
IPC: 0.0410927

--------
Two level Cache hierarchy
--------
  L1-Data Cache:
    Size(KB):          32
    Block Size(B):     32
    Associativity:      4

  L2-Data Cache:
    Size(KB):        2048
    Block Size(B):    256
    Associativity:     16

Latencies:    1   15  250
L1-Sets:  256 - SRRIP - assoc:   4
L2-Sets:  512 - SRRIP - assoc:  16
Store_allocation: Yes
L2_inclusive: Yes

L1 Cache Stats:
L1-Load-Hits:        3251606088   33.67%
L1-Load-Misses:      6404947546   66.33%
L1-Load-Accesses:    9656553634  100.00%

L1-Store-Hits:        1845293888   51.77%
L1-Store-Misses:      1718856957   48.23%
L1-Store-Accesses:    3564150845  100.00%

L1-Total-Hits:        5096899976   38.55%
L1-Total-Misses:      8123804503   61.45%
L1-Total-Accesses:   13220704479  100.00%

L2 Cache Stats:
L2-Load-Hits:        4132508968   64.52%
L2-Load-Misses:      2272438578   35.48%
L2-Load-Accesses:    6404947546  100.00%

L2-Store-Hits:         954472336   55.53%
L2-Store-Misses:       764384621   44.47%
L2-Store-Accesses:    1718856957  100.00%

L2-Total-Hits:        5086981304   62.62%
L2-Total-Misses:      3036823199   37.38%
L2-Total-Accesses:    8123804503  100.00%

