--------
Total Statistics
--------
Total Instructions: 38323369492
Total Cycles: 1325690147931
IPC: 0.0289082

--------
Two level Cache hierarchy
--------
  L1-Data Cache:
    Size(KB):          32
    Block Size(B):     32
    Associativity:      4

  L2-Data Cache:
    Size(KB):        1024
    Block Size(B):    256
    Associativity:      8

Latencies:    1   15  250
L1-Sets:  256 - SRRIP - assoc:   4
L2-Sets:  512 - SRRIP - assoc:   8
Store_allocation: Yes
L2_inclusive: Yes

L1 Cache Stats:
L1-Load-Hits:        3226795871   33.42%
L1-Load-Misses:      6429757763   66.58%
L1-Load-Accesses:    9656553634  100.00%

L1-Store-Hits:        1845979794   51.79%
L1-Store-Misses:      1718171051   48.21%
L1-Store-Accesses:    3564150845  100.00%

L1-Total-Hits:        5072775665   38.37%
L1-Total-Misses:      8147928814   61.63%
L1-Total-Accesses:   13220704479  100.00%

L2 Cache Stats:
L2-Load-Hits:        2894636938   45.02%
L2-Load-Misses:      3535120825   54.98%
L2-Load-Accesses:    6429757763  100.00%

L2-Store-Hits:         645583309   37.57%
L2-Store-Misses:      1072587742   62.43%
L2-Store-Accesses:    1718171051  100.00%

L2-Total-Hits:        3540220247   43.45%
L2-Total-Misses:      4607708567   56.55%
L2-Total-Accesses:    8147928814  100.00%

