--------
Total Statistics
--------
Total Instructions: 108730226355
Total Cycles: 624117793044
IPC: 0.174214

--------
Two level Cache hierarchy
--------
  L1-Data Cache:
    Size(KB):          32
    Block Size(B):     32
    Associativity:      4

  L2-Data Cache:
    Size(KB):         512
    Block Size(B):    256
    Associativity:      8

Latencies:    1   15  250
L1-Sets:  256 - LIP - assoc:   4
L2-Sets:  256 - LIP - assoc:   8
Store_allocation: Yes
L2_inclusive: Yes

L1 Cache Stats:
L1-Load-Hits:       25442205463   73.18%
L1-Load-Misses:      9323280407   26.82%
L1-Load-Accesses:   34765485870  100.00%

L1-Store-Hits:        9512743666   99.15%
L1-Store-Misses:        81869503    0.85%
L1-Store-Accesses:    9594613169  100.00%

L1-Total-Hits:       34954949129   78.80%
L1-Total-Misses:      9405149910   21.20%
L1-Total-Accesses:   44360099039  100.00%

L2 Cache Stats:
L2-Load-Hits:        8014519037   85.96%
L2-Load-Misses:      1308761370   14.04%
L2-Load-Accesses:    9323280407  100.00%

L2-Store-Hits:          70829997   86.52%
L2-Store-Misses:        11039506   13.48%
L2-Store-Accesses:      81869503  100.00%

L2-Total-Hits:        8085349034   85.97%
L2-Total-Misses:      1319800876   14.03%
L2-Total-Accesses:    9405149910  100.00%

