--------
Total Statistics
--------
Total Instructions: 108730226547
Total Cycles: 568110339387
IPC: 0.191389

--------
Two level Cache hierarchy
--------
  L1-Data Cache:
    Size(KB):          32
    Block Size(B):     32
    Associativity:      4

  L2-Data Cache:
    Size(KB):        1024
    Block Size(B):    256
    Associativity:     16

Latencies:    1   15  250
L1-Sets:  256 - LIP - assoc:   4
L2-Sets:  256 - LIP - assoc:  16
Store_allocation: Yes
L2_inclusive: Yes

L1 Cache Stats:
L1-Load-Hits:       25442645827   73.18%
L1-Load-Misses:      9322840043   26.82%
L1-Load-Accesses:   34765485870  100.00%

L1-Store-Hits:        9514004861   99.16%
L1-Store-Misses:        80608404    0.84%
L1-Store-Accesses:    9594613265  100.00%

L1-Total-Hits:       34956650688   78.80%
L1-Total-Misses:      9403448447   21.20%
L1-Total-Accesses:   44360099135  100.00%

L2 Cache Stats:
L2-Load-Hits:        8237916613   88.36%
L2-Load-Misses:      1084923430   11.64%
L2-Load-Accesses:    9322840043  100.00%

L2-Store-Hits:          69658686   86.42%
L2-Store-Misses:        10949718   13.58%
L2-Store-Accesses:      80608404  100.00%

L2-Total-Hits:        8307575299   88.35%
L2-Total-Misses:      1095873148   11.65%
L2-Total-Accesses:    9403448447  100.00%

