Total Instructions: 1516975669492

RAS: (Correct - Incorrect)
RAS (16 entries): 1279486 0

Branch Predictors: (Name - Correct - Incorrect)
  Static AlwaysTaken: 114398465827 5298774203
  Static BTFNT: 118674834582 1022405448
  Nbit-8K-4: 118679269574 1017970456
  Pentium-M: 117742539712 1954700318
  Local History Two Level Predictor(BHT entries=2048, BHT length=8): 118740158926 957081104
  Local History Two Level Predictor(BHT entries=4096, BHT length=4): 118741217169 956022861
  Local History Two Level Predictor(BHT entries=8192, BHT length=2): 118704393979 992846051
  Global History Two Level Predictor (entries=16384, nbit=2): 118703530829 993709201
  Global History Two Level Predictor (entries=8192, nbit=4): 118703738387 993501643
  Alpha 21264: 118474946135 1222293895
  Tournament Hybrid Predictor
| Meta : Nbit-1K-2
| Pred0: Nbit-8K-2
| Pred1: Nbit-4K-4
: 118679563269 1017676761
  Tournament Hybrid Predictor
| Meta : Nbit-2K-2
| Pred0: Nbit-8K-2
| Pred1: Global History Two Level Predictor (entries=8192, nbit=2)
: 118703475499 993764531
  Tournament Hybrid Predictor
| Meta : Nbit-2K-2
| Pred0: Nbit-8K-2
| Pred1: Local History Two Level Predictor(BHT entries=4096, BHT length=2)
: 118704394113 992845917
  Tournament Hybrid Predictor
| Meta : Nbit-2K-2
| Pred0: Local History Two Level Predictor(BHT entries=4096, BHT length=2)
| Pred1: Global History Two Level Predictor (entries=8192, nbit=2)
: 118704463366 992776664
  Tournament Hybrid Predictor
| Meta : Nbit-2K-2
| Pred0: Global History Two Level Predictor (entries=8192, nbit=2)
| Pred1: Global History Two Level Predictor (entries=4096, nbit=4)
: 118703929373 993310657
  Tournament Hybrid Predictor
| Meta : Nbit-2K-2
| Pred0: Local History Two Level Predictor(BHT entries=4096, BHT length=2)
| Pred1: Local History Two Level Predictor(BHT entries=2048, BHT length=4)
: 118741209820 956030210

BTB Predictors: (Name - Correct - Incorrect - TargetCorrect)
