Total Instructions: 565122785775

RAS: (Correct - Incorrect)
RAS (16 entries): 16392857931 41

Branch Predictors: (Name - Correct - Incorrect)
  Static AlwaysTaken: 29163505225 63903115650
  Static BTFNT: 57619987063 35446633812
  Nbit-8K-4: 86643997895 6422622980
  Pentium-M: 85791810160 7274810715
  Local History Two Level Predictor(BHT entries=2048, BHT length=8): 89758926459 3307694416
  Local History Two Level Predictor(BHT entries=4096, BHT length=4): 89804392225 3262228650
  Local History Two Level Predictor(BHT entries=8192, BHT length=2): 89063127232 4003493643
  Global History Two Level Predictor (entries=16384, nbit=2): 87347346208 5719274667
  Global History Two Level Predictor (entries=8192, nbit=4): 88392736417 4673884458
  Alpha 21264: 85913004310 7153616565
  Tournament Hybrid Predictor
| Meta : Nbit-1K-2
| Pred0: Nbit-8K-2
| Pred1: Nbit-4K-4
: 86666321440 6400299435
  Tournament Hybrid Predictor
| Meta : Nbit-2K-2
| Pred0: Nbit-8K-2
| Pred1: Global History Two Level Predictor (entries=8192, nbit=2)
: 87306952879 5759667996
  Tournament Hybrid Predictor
| Meta : Nbit-2K-2
| Pred0: Nbit-8K-2
| Pred1: Local History Two Level Predictor(BHT entries=4096, BHT length=2)
: 88942136468 4124484407
  Tournament Hybrid Predictor
| Meta : Nbit-2K-2
| Pred0: Local History Two Level Predictor(BHT entries=4096, BHT length=2)
| Pred1: Global History Two Level Predictor (entries=8192, nbit=2)
: 89182058657 3884562218
  Tournament Hybrid Predictor
| Meta : Nbit-2K-2
| Pred0: Global History Two Level Predictor (entries=8192, nbit=2)
| Pred1: Global History Two Level Predictor (entries=4096, nbit=4)
: 88384607550 4682013325
  Tournament Hybrid Predictor
| Meta : Nbit-2K-2
| Pred0: Local History Two Level Predictor(BHT entries=4096, BHT length=2)
| Pred1: Local History Two Level Predictor(BHT entries=2048, BHT length=4)
: 89693233634 3373387241

BTB Predictors: (Name - Correct - Incorrect - TargetCorrect)
