--------
Total Statistics
--------
Total Instructions: 3184107592
Total Cycles: 7647309914
IPC: 0.41637

--------
Two level Cache hierarchy
--------
  L1-Data Cache:
    Size(KB):          32
    Block Size(B):     32
    Associativity:      4

  L2-Data Cache:
    Size(KB):        1024
    Block Size(B):    128
    Associativity:     16

Latencies:    1   15  250
L1-Sets:  256 - LRU - assoc:   4
L2-Sets:  512 - LRU - assoc:  16
Store_allocation: Yes
L2_inclusive: Yes

L1 Cache Stats:
L1-Load-Hits:         719577441   95.01%
L1-Load-Misses:        37791763    4.99%
L1-Load-Accesses:     757369204  100.00%

L1-Store-Hits:         444001031   93.82%
L1-Store-Misses:        29241712    6.18%
L1-Store-Accesses:     473242743  100.00%

L1-Total-Hits:        1163578472   94.55%
L1-Total-Misses:        67033475    5.45%
L1-Total-Accesses:    1230611947  100.00%

L2 Cache Stats:
L2-Load-Hits:          29859595   79.01%
L2-Load-Misses:         7932168   20.99%
L2-Load-Accesses:      37791763  100.00%

L2-Store-Hits:          28265527   96.66%
L2-Store-Misses:          976185    3.34%
L2-Store-Accesses:      29241712  100.00%

L2-Total-Hits:          58125122   86.71%
L2-Total-Misses:         8908353   13.29%
L2-Total-Accesses:      67033475  100.00%

