--------
Total Statistics
--------
Total Instructions: 3184197557
Total Cycles: 7105866349
IPC: 0.448108

--------
Two level Cache hierarchy
--------
  L1-Data Cache:
    Size(KB):          32
    Block Size(B):     32
    Associativity:      4

  L2-Data Cache:
    Size(KB):        2048
    Block Size(B):    128
    Associativity:     16

Latencies:    1   15  250
L1-Sets:  256 - LRU - assoc:   4
L2-Sets: 1024 - LRU - assoc:  16
Store_allocation: Yes
L2_inclusive: Yes

L1 Cache Stats:
L1-Load-Hits:         719666274   95.02%
L1-Load-Misses:        37730356    4.98%
L1-Load-Accesses:     757396630  100.00%

L1-Store-Hits:         443511592   93.72%
L1-Store-Misses:        29737780    6.28%
L1-Store-Accesses:     473249372  100.00%

L1-Total-Hits:        1163177866   94.52%
L1-Total-Misses:        67468136    5.48%
L1-Total-Accesses:    1230646002  100.00%

L2 Cache Stats:
L2-Load-Hits:          31884943   84.51%
L2-Load-Misses:         5845413   15.49%
L2-Load-Accesses:      37730356  100.00%

L2-Store-Hits:          28867190   97.07%
L2-Store-Misses:          870590    2.93%
L2-Store-Accesses:      29737780  100.00%

L2-Total-Hits:          60752133   90.05%
L2-Total-Misses:         6716003    9.95%
L2-Total-Accesses:      67468136  100.00%

