--------
Total Statistics
--------
Total Instructions: 3184221973
Total Cycles: 7412410184
IPC: 0.42958

--------
Two level Cache hierarchy
--------
  L1-Data Cache:
    Size(KB):          32
    Block Size(B):     32
    Associativity:      4

  L2-Data Cache:
    Size(KB):        2048
    Block Size(B):     64
    Associativity:     16

Latencies:    1   15  250
L1-Sets:  256 - LRU - assoc:   4
L2-Sets: 2048 - LRU - assoc:  16
Store_allocation: Yes
L2_inclusive: Yes

L1 Cache Stats:
L1-Load-Hits:         719544072   95.00%
L1-Load-Misses:        37854700    5.00%
L1-Load-Accesses:     757398772  100.00%

L1-Store-Hits:         443570011   93.73%
L1-Store-Misses:        29685433    6.27%
L1-Store-Accesses:     473255444  100.00%

L1-Total-Hits:        1163114083   94.51%
L1-Total-Misses:        67540133    5.49%
L1-Total-Accesses:    1230654216  100.00%

L2 Cache Stats:
L2-Load-Hits:          31547459   83.34%
L2-Load-Misses:         6307241   16.66%
L2-Load-Accesses:      37854700  100.00%

L2-Store-Hits:          28054946   94.51%
L2-Store-Misses:         1630487    5.49%
L2-Store-Accesses:      29685433  100.00%

L2-Total-Hits:          59602405   88.25%
L2-Total-Misses:         7937728   11.75%
L2-Total-Accesses:      67540133  100.00%

