--------
Total Statistics
--------
Total Instructions: 3184267619
Total Cycles: 8042970555
IPC: 0.395907

--------
Two level Cache hierarchy
--------
  L1-Data Cache:
    Size(KB):          32
    Block Size(B):     32
    Associativity:      4

  L2-Data Cache:
    Size(KB):         256
    Block Size(B):    256
    Associativity:      8

Latencies:    1   15  250
L1-Sets:  256 - LRU - assoc:   4
L2-Sets:  128 - LRU - assoc:   8
Store_allocation: Yes
L2_inclusive: Yes

L1 Cache Stats:
L1-Load-Hits:         719370797   94.98%
L1-Load-Misses:        38028202    5.02%
L1-Load-Accesses:     757398999  100.00%

L1-Store-Hits:         443760621   93.77%
L1-Store-Misses:        29493846    6.23%
L1-Store-Accesses:     473254467  100.00%

L1-Total-Hits:        1163131418   94.51%
L1-Total-Misses:        67522048    5.49%
L1-Total-Accesses:    1230653466  100.00%

L2 Cache Stats:
L2-Load-Hits:          28590258   75.18%
L2-Load-Misses:         9437944   24.82%
L2-Load-Accesses:      38028202  100.00%

L2-Store-Hits:          28470915   96.53%
L2-Store-Misses:         1022931    3.47%
L2-Store-Accesses:      29493846  100.00%

L2-Total-Hits:          57061173   84.51%
L2-Total-Misses:        10460875   15.49%
L2-Total-Accesses:      67522048  100.00%

