--------
Total Statistics
--------
Total Instructions: 3184420727
Total Cycles: 7432949205
IPC: 0.42842

--------
Two level Cache hierarchy
--------
  L1-Data Cache:
    Size(KB):          32
    Block Size(B):     32
    Associativity:      4

  L2-Data Cache:
    Size(KB):         512
    Block Size(B):    256
    Associativity:      4

Latencies:    1   15  250
L1-Sets:  256 - LRU - assoc:   4
L2-Sets:  512 - LRU - assoc:   4
Store_allocation: Yes
L2_inclusive: Yes

L1 Cache Stats:
L1-Load-Hits:         719505670   94.99%
L1-Load-Misses:        37908631    5.01%
L1-Load-Accesses:     757414301  100.00%

L1-Store-Hits:         443363738   93.68%
L1-Store-Misses:        29929014    6.32%
L1-Store-Accesses:     473292752  100.00%

L1-Total-Hits:        1162869408   94.49%
L1-Total-Misses:        67837645    5.51%
L1-Total-Accesses:    1230707053  100.00%

L2 Cache Stats:
L2-Load-Hits:          30574048   80.65%
L2-Load-Misses:         7334583   19.35%
L2-Load-Accesses:      37908631  100.00%

L2-Store-Hits:          29262570   97.77%
L2-Store-Misses:          666444    2.23%
L2-Store-Accesses:      29929014  100.00%

L2-Total-Hits:          59836618   88.21%
L2-Total-Misses:         8001027   11.79%
L2-Total-Accesses:      67837645  100.00%

