--------
Total Statistics
--------
Total Instructions: 3184339477
Total Cycles: 6888039601
IPC: 0.4623

--------
Two level Cache hierarchy
--------
  L1-Data Cache:
    Size(KB):          32
    Block Size(B):     32
    Associativity:      4

  L2-Data Cache:
    Size(KB):        1024
    Block Size(B):    256
    Associativity:     16

Latencies:    1   15  250
L1-Sets:  256 - LRU - assoc:   4
L2-Sets:  256 - LRU - assoc:  16
Store_allocation: Yes
L2_inclusive: Yes

L1 Cache Stats:
L1-Load-Hits:         719628015   95.01%
L1-Load-Misses:        37809970    4.99%
L1-Load-Accesses:     757437985  100.00%

L1-Store-Hits:         444099121   93.84%
L1-Store-Misses:        29164248    6.16%
L1-Store-Accesses:     473263369  100.00%

L1-Total-Hits:        1163727136   94.56%
L1-Total-Misses:        66974218    5.44%
L1-Total-Accesses:    1230701354  100.00%

L2 Cache Stats:
L2-Load-Hits:          32465671   85.87%
L2-Load-Misses:         5344299   14.13%
L2-Load-Accesses:      37809970  100.00%

L2-Store-Hits:          28635005   98.19%
L2-Store-Misses:          529243    1.81%
L2-Store-Accesses:      29164248  100.00%

L2-Total-Hits:          61100676   91.23%
L2-Total-Misses:         5873542    8.77%
L2-Total-Accesses:      66974218  100.00%

