--------
Total Statistics
--------
Total Instructions: 3184308077
Total Cycles: 9113983779
IPC: 0.349387

--------
Two level Cache hierarchy
--------
  L1-Data Cache:
    Size(KB):          32
    Block Size(B):     32
    Associativity:      4

  L2-Data Cache:
    Size(KB):         256
    Block Size(B):    128
    Associativity:      8

Latencies:    1   15  250
L1-Sets:  256 - LRU - assoc:   4
L2-Sets:  256 - LRU - assoc:   8
Store_allocation: Yes
L2_inclusive: Yes

L1 Cache Stats:
L1-Load-Hits:         719428168   94.98%
L1-Load-Misses:        37994506    5.02%
L1-Load-Accesses:     757422674  100.00%

L1-Store-Hits:         443730524   93.76%
L1-Store-Misses:        29530104    6.24%
L1-Store-Accesses:     473260628  100.00%

L1-Total-Hits:        1163158692   94.51%
L1-Total-Misses:        67524610    5.49%
L1-Total-Accesses:    1230683302  100.00%

L2 Cache Stats:
L2-Load-Hits:          25043204   65.91%
L2-Load-Misses:        12951302   34.09%
L2-Load-Accesses:      37994506  100.00%

L2-Store-Hits:          27736913   93.93%
L2-Store-Misses:         1793191    6.07%
L2-Store-Accesses:      29530104  100.00%

L2-Total-Hits:          52780117   78.16%
L2-Total-Misses:        14744493   21.84%
L2-Total-Accesses:      67524610  100.00%

