--------
Total Statistics
--------
Total Instructions: 96483404779
Total Cycles: 6108928783644
IPC: 0.0157938

--------
Two level Cache hierarchy
--------
  L1-Data Cache:
    Size(KB):          32
    Block Size(B):     32
    Associativity:      4

  L2-Data Cache:
    Size(KB):        2048
    Block Size(B):    256
    Associativity:     16

Latencies:    1   15  250
L1-Sets:  256 - LFU - assoc:   4
L2-Sets:  512 - LFU - assoc:  16
Store_allocation: Yes
L2_inclusive: Yes

L1 Cache Stats:
L1-Load-Hits:        5304759182   26.14%
L1-Load-Misses:     14988401574   73.86%
L1-Load-Accesses:   20293160756  100.00%

L1-Store-Hits:        4042639573   34.74%
L1-Store-Misses:      7594317886   65.26%
L1-Store-Accesses:   11636957459  100.00%

L1-Total-Hits:        9347398755   29.27%
L1-Total-Misses:     22582719460   70.73%
L1-Total-Accesses:   31930118215  100.00%

L2 Cache Stats:
L2-Load-Hits:          13144292    0.09%
L2-Load-Misses:     14975257282   99.91%
L2-Load-Accesses:   14988401574  100.00%

L2-Store-Hits:           2477293    0.03%
L2-Store-Misses:      7591840593   99.97%
L2-Store-Accesses:    7594317886  100.00%

L2-Total-Hits:          15621585    0.07%
L2-Total-Misses:     22567097875   99.93%
L2-Total-Accesses:   22582719460  100.00%

