--------
Total Statistics
--------
Total Instructions: 96483404779
Total Cycles: 6109538890599
IPC: 0.0157923

--------
Two level Cache hierarchy
--------
  L1-Data Cache:
    Size(KB):          32
    Block Size(B):     32
    Associativity:      4

  L2-Data Cache:
    Size(KB):         512
    Block Size(B):    256
    Associativity:      8

Latencies:    1   15  250
L1-Sets:  256 - LFU - assoc:   4
L2-Sets:  256 - LFU - assoc:   8
Store_allocation: Yes
L2_inclusive: Yes

L1 Cache Stats:
L1-Load-Hits:        5304729683   26.14%
L1-Load-Misses:     14988431073   73.86%
L1-Load-Accesses:   20293160756  100.00%

L1-Store-Hits:        4042637625   34.74%
L1-Store-Misses:      7594319834   65.26%
L1-Store-Accesses:   11636957459  100.00%

L1-Total-Hits:        9347367308   29.27%
L1-Total-Misses:     22582750907   70.73%
L1-Total-Accesses:   31930118215  100.00%

L2 Cache Stats:
L2-Load-Hits:          13145992    0.09%
L2-Load-Misses:     14975285081   99.91%
L2-Load-Accesses:   14988431073  100.00%

L2-Store-Hits:             68499    0.00%
L2-Store-Misses:      7594251335  100.00%
L2-Store-Accesses:    7594319834  100.00%

L2-Total-Hits:          13214491    0.06%
L2-Total-Misses:     22569536416   99.94%
L2-Total-Accesses:   22582750907  100.00%

