--------
Total Statistics
--------
Total Instructions: 96483404779
Total Cycles: 6109520422199
IPC: 0.0157923

--------
Two level Cache hierarchy
--------
  L1-Data Cache:
    Size(KB):          32
    Block Size(B):     32
    Associativity:      4

  L2-Data Cache:
    Size(KB):        1024
    Block Size(B):    256
    Associativity:     16

Latencies:    1   15  250
L1-Sets:  256 - LFU - assoc:   4
L2-Sets:  256 - LFU - assoc:  16
Store_allocation: Yes
L2_inclusive: Yes

L1 Cache Stats:
L1-Load-Hits:        5304739589   26.14%
L1-Load-Misses:     14988421167   73.86%
L1-Load-Accesses:   20293160756  100.00%

L1-Store-Hits:        4042637379   34.74%
L1-Store-Misses:      7594320080   65.26%
L1-Store-Accesses:   11636957459  100.00%

L1-Total-Hits:        9347376968   29.27%
L1-Total-Misses:     22582741247   70.73%
L1-Total-Accesses:   31930118215  100.00%

L2 Cache Stats:
L2-Load-Hits:          13146032    0.09%
L2-Load-Misses:     14975275135   99.91%
L2-Load-Accesses:   14988421167  100.00%

L2-Store-Hits:            132093    0.00%
L2-Store-Misses:      7594187987  100.00%
L2-Store-Accesses:    7594320080  100.00%

L2-Total-Hits:          13278125    0.06%
L2-Total-Misses:     22569463122   99.94%
L2-Total-Accesses:   22582741247  100.00%

